/tools/med_tools/software/Veloce_v20.0.3//bin/runDistributedTask.sh  -proj /net/svr-egc-net-02/vol/med1/med_vdev/mahmoud/ai_accelerator_block/emulation/veloce.med/design_level/glob_Dcd_CompileParams.txt.0 -bnum 0 -cnum 0 -ssrcc  


Executing Command:
/tools/med_tools/software/Veloce_v20.0.3//bin/runDistributedTask.sh  -proj /net/svr-egc-net-02/vol/med1/med_vdev/mahmoud/ai_accelerator_block/emulation/veloce.med/design_level/glob_Dcd_CompileParams.txt.0 -bnum 0 -cnum 0 -ssrcc -LicKey $LIC_KEY 


Executing Command: 
/tools/med_tools/software/Veloce_v20.0.3/bin/ssrmodelgen -boardid 0 -chipid 0 -base_dir ./veloce.med

Info: Board 0, Chip 0
Info: number of pipeflop: 0 PDIV: 0
Total 0 pipeline flops are inserted.
Total 0 pipeline flops are driven by replicated MFC.
Total 0 pipeline flops are in logic that SSR doesn't replay.
Total 0 pipeline flops that are removed by shifting common dst flops to net driver.
Total 0 PDIV macros are read.

TIMING: Function (SSR MODEL GEN) took time 5.851



Executing Command: 
/bin/touch ./veloce.med/lb0//ssr_debug.cc



Executing Command: 
/tools/med_tools/software/Veloce_v20.0.3/bin/med_tools/linux/gcc-6.2.0/bin/g++ -pipe --no-exceptions -xc++ -O0 -c ./veloce.med/lb0/lb0_u0_Ssr_SsrCC.cc.0 -o ./veloce.med/lb0/lb0_u0_Ssr_SsrCC.o.0



Executing Command: 
export LIBRARY_PATH= ; export PATH=/bin:/usr/bin ; unset COMPILER_PATH ; unset GCC_EXEC_PREFIX ; /tools/med_tools/software/Veloce_v20.0.3/bin/med_tools/linux/gcc-6.2.0/bin/g++ -o ./veloce.med/lb0/lb0_u0_Dcd_SsrC.exe.0 ./veloce.med/lb0/lb0_u0_Ssr_SsrCC.o.0 -L/tools/med_tools/software/Veloce_v20.0.3/lib/amd64.linux -lssrmodelexec



Executing Command: 
/bin/rm -f ./veloce.med/lb0/lb0_u0_Ssr_SsrCC.cc.0 ./veloce.med/lb0/lb0_u0_Ssr_SsrCC.o.0

Task: exited with code: 0
