/usr/bin/env TBX_HOME=/tools/med_tools/software/Veloce_v20.0.3/tbx /tools/med_tools/software/Veloce_v20.0.3/tbx/rtlc/bin/rtlc-driver            -velcomp_tbx_merge -cms -ums -VLE -platform veloce    -gui -preserve_name_case -preserve -lib_map_file veloce.med/library_mapping.jaguarc -mw_run_macro -process_sign -compile_celldefines -compile_vhdl_inits -res_share -opt_best -sim_type none   -hdl_centric   -suppress TBXC-4856 -suppress RTLC-4856 -suppress TBXC-4527 -suppress RTLC-4527 -suppress TBXC-4535 -suppress RTLC-4535 -suppress TBXC-5775 -suppress RTLC-5775 -partition_module_xrtl 'scemi_input_pipe' -partition_module_xrtl 'scemi_output_pipe' -partition_rtl MctCore -partition_bhv MctClockGenerator -preserve_module MctClockGenerator -suppress RTLC-4835 -suppress TBXC-4835 -xrtl -mw compile               -diamond1_map  -preserve -opt_best -lower_mem_threshold 50 -enable_protected_support -tcl_force_file forcible_regs -ivvn 20.0.3 -SFF -SWOM -proj veloce.med/design_level/glob_Dcd_CompileParams.txt.0 -annotated_nets_file veloce.med/design_level/glob_Nodexpdr_Annotated.txt.0 -do_design_check -config_base veloce         -main 'work.top'          -out_dir ./veloce.med/rtlc.out    -process_module_ann         -xwave_siglist siglist      -lic_key $LIC_KEY -emul_platform D2            -write_elab_options
/usr/bin/env TBX_HOME=/tools/med_tools/software/Veloce_v20.0.3/tbx /tools/med_tools/software/Veloce_v20.0.3/tbx/rtlc/bin/rtlc-driver            -velcomp_tbx_merge -cms -ums -VLE -platform veloce    -gui -preserve_name_case -preserve -lib_map_file veloce.med/library_mapping.jaguarc -mw_run_macro -process_sign -compile_celldefines -compile_vhdl_inits -res_share -opt_best -sim_type none   -hdl_centric   -suppress TBXC-4856 -suppress RTLC-4856 -suppress TBXC-4527 -suppress RTLC-4527 -suppress TBXC-4535 -suppress RTLC-4535 -suppress TBXC-5775 -suppress RTLC-5775 -partition_module_xrtl 'scemi_input_pipe' -partition_module_xrtl 'scemi_output_pipe' -partition_rtl MctCore -partition_bhv MctClockGenerator -preserve_module MctClockGenerator -suppress RTLC-4835 -suppress TBXC-4835 -xrtl -mw compile               -diamond1_map  -preserve -opt_best -lower_mem_threshold 50 -enable_protected_support -tcl_force_file forcible_regs -ivvn 20.0.3 -SFF -SWOM -proj veloce.med/design_level/glob_Dcd_CompileParams.txt.0 -annotated_nets_file veloce.med/design_level/glob_Nodexpdr_Annotated.txt.0 -do_design_check -config_base veloce         -main 'work.top'          -out_dir ./veloce.med/rtlc.out    -process_module_ann         -xwave_siglist siglist      -lic_key $LIC_KEY -emul_platform D2            
/bin/touch ./veloce.med/rtlc.completed
/bin/touch ./veloce.med/rtlc.out/rtlc.ini


Executing Command:
/usr/bin/env TBX_HOME=/tools/med_tools/software/Veloce_v20.0.3/tbx /tools/med_tools/software/Veloce_v20.0.3/tbx/rtlc/bin/rtlc-driver            -velcomp_tbx_merge -cms -ums -VLE -platform veloce    -gui -preserve_name_case -preserve -lib_map_file veloce.med/library_mapping.jaguarc -mw_run_macro -process_sign -compile_celldefines -compile_vhdl_inits -res_share -opt_best -sim_type none   -hdl_centric   -suppress TBXC-4856 -suppress RTLC-4856 -suppress TBXC-4527 -suppress RTLC-4527 -suppress TBXC-4535 -suppress RTLC-4535 -suppress TBXC-5775 -suppress RTLC-5775 -partition_module_xrtl 'scemi_input_pipe' -partition_module_xrtl 'scemi_output_pipe' -partition_rtl MctCore -partition_bhv MctClockGenerator -preserve_module MctClockGenerator -suppress RTLC-4835 -suppress TBXC-4835 -xrtl -mw compile               -diamond1_map  -preserve -opt_best -lower_mem_threshold 50 -enable_protected_support -tcl_force_file forcible_regs -ivvn 20.0.3 -SFF -SWOM -proj veloce.med/design_level/glob_Dcd_CompileParams.txt.0 -annotated_nets_file veloce.med/design_level/glob_Nodexpdr_Annotated.txt.0 -do_design_check -config_base veloce         -main 'work.top'          -out_dir ./veloce.med/rtlc.out    -process_module_ann         -xwave_siglist siglist      -lic_key $LIC_KEY -emul_platform D2            -write_elab_options
Info!     [RTLCDriver-1]: : Elaboration options dumped in the files ...
                          "./veloce.med/rtlc.out/.debussy_elab_file" and
                          "./veloce.med/rtlc.out/.gui_elab_file".


Executing Command:
/usr/bin/env TBX_HOME=/tools/med_tools/software/Veloce_v20.0.3/tbx /tools/med_tools/software/Veloce_v20.0.3/tbx/rtlc/bin/rtlc-driver            -velcomp_tbx_merge -cms -ums -VLE -platform veloce    -gui -preserve_name_case -preserve -lib_map_file veloce.med/library_mapping.jaguarc -mw_run_macro -process_sign -compile_celldefines -compile_vhdl_inits -res_share -opt_best -sim_type none   -hdl_centric   -suppress TBXC-4856 -suppress RTLC-4856 -suppress TBXC-4527 -suppress RTLC-4527 -suppress TBXC-4535 -suppress RTLC-4535 -suppress TBXC-5775 -suppress RTLC-5775 -partition_module_xrtl 'scemi_input_pipe' -partition_module_xrtl 'scemi_output_pipe' -partition_rtl MctCore -partition_bhv MctClockGenerator -preserve_module MctClockGenerator -suppress RTLC-4835 -suppress TBXC-4835 -xrtl -mw compile               -diamond1_map  -preserve -opt_best -lower_mem_threshold 50 -enable_protected_support -tcl_force_file forcible_regs -ivvn 20.0.3 -SFF -SWOM -proj veloce.med/design_level/glob_Dcd_CompileParams.txt.0 -annotated_nets_file veloce.med/design_level/glob_Nodexpdr_Annotated.txt.0 -do_design_check -config_base veloce         -main 'work.top'          -out_dir ./veloce.med/rtlc.out    -process_module_ann         -xwave_siglist siglist      -lic_key $LIC_KEY -emul_platform D2            
Warning   [RTLC-15481]: : Unknown command line option ( -SWOM ) is ignored. Please fix the setup as this will be an error in next major release.
Info!     [RTLC-4822]: : RTLC-Driver, Release RTLC-Veloce 20.0.3
Info!     [RTLC-4824]: : Last compiled on Sep 30 2020 20:27:19
Status    [RTLC-4578]: : Performing Design Check ...
Info!     [RTLC-5144]: : RTL has been changed
Info!     [RTLC-5144]: : RTLC compilation is required
Status    [RTLC-4578]: : Design Check successfully completed.


Executing Command:
/bin/touch ./veloce.med/rtlc.completed


Executing Command:
/bin/touch ./veloce.med/rtlc.out/rtlc.ini
Task: exited with code: 0
