/tools/med_tools/software/Veloce_v20.0.3/bin/ecf2wave -proj /net/svr-egc-net-02/vol/med1/med_vdev/mahmoud/ai_accelerator_block/emulation/veloce.med/design_level/glob_Dcd_CompileParams.txt.0 -velvis_0
/bin/rm -f ./veloce.med/recon_forreconCodegen.vdb


Executing Command:
/tools/med_tools/software/Veloce_v20.0.3/bin/ecf2wave -proj /net/svr-egc-net-02/vol/med1/med_vdev/mahmoud/ai_accelerator_block/emulation/veloce.med/design_level/glob_Dcd_CompileParams.txt.0 -velvis_0

###################################################################
##  Application : 'ecf2wave'
##  Version     : 20.0.3
##  Host        : egc-med-cairo.egc.mentorg.com
###################################################################
/tools/med_tools/software/Veloce_v20.0.3/bin/ecf2wave	-proj	/net/svr-egc-net-02/vol/med1/med_vdev/mahmoud/ai_accelerator_block/emulation/veloce.med/design_level/glob_Dcd_CompileParams.txt.0	-velvis_0	

Info!      [E2W-2501]: : The conversion process starting on Thu Jul 15 14:18:20 2021
                      
Warning    [E2W-2689]: : Following error encountered during global MGLS object creation: Environment variable MGLS_PKGINFO_FILE is set, if it points an old file, new license features may not work.

Info!      [E2W-2520]: : VelVis Phase 'XWaveDBGen0' started ...
Info!      [E2W-2521]: : VelVis Phase 'XWaveDBGen0' is done. (Time taken is '0 seconds'. Memory consumed is '0 MB')


Info!      [E2W-2520]: : VelVis Phase 'DBLinker0' started ...
Info!      [E2W-2501]: : $VMW_HOME/bin/dblinker -proj /net/svr-egc-net-02/vol/med1/med_vdev/mahmoud/ai_accelerator_block/emulation/veloce.med/design_level/glob_Dcd_CompileParams.txt.0 -linkmedguilibsonly
Info!      [E2W-2521]: : VelVis Phase 'DBLinker0' is done. (Time taken is '11 seconds'. Memory consumed is '0 MB')


Info!      [E2W-2550]: : The process exited on Thu Jul 15 14:18:31 2021. Overall running time: Wall clock time: ('11 seconds') Cpu time: ('0 seconds').


Executing Command:
/bin/rm -f ./veloce.med/recon_forreconCodegen.vdb
Task: exited with code: 0
