/tools/med_tools/software/Veloce_v20.0.3/bin/ecf2wave -proj /net/svr-egc-net-02/vol/med1/med_vdev/mahmoud/ai_accelerator_block/emulation/veloce.med/design_level/glob_Dcd_CompileParams.txt.0 -velvis_1


Executing Command:
/tools/med_tools/software/Veloce_v20.0.3/bin/ecf2wave -proj /net/svr-egc-net-02/vol/med1/med_vdev/mahmoud/ai_accelerator_block/emulation/veloce.med/design_level/glob_Dcd_CompileParams.txt.0 -velvis_1

###################################################################
##  Application : 'ecf2wave'
##  Version     : 20.0.3
##  Host        : egc-med-cairo.egc.mentorg.com
###################################################################
/tools/med_tools/software/Veloce_v20.0.3/bin/ecf2wave	-proj	/net/svr-egc-net-02/vol/med1/med_vdev/mahmoud/ai_accelerator_block/emulation/veloce.med/design_level/glob_Dcd_CompileParams.txt.0	-velvis_1	

Info!      [E2W-2501]: : The conversion process starting on Thu Jul 15 14:41:24 2021
                      
Warning    [E2W-2689]: : Following error encountered during global MGLS object creation: Environment variable MGLS_PKGINFO_FILE is set, if it points an old file, new license features may not work.

Info!      [E2W-2520]: : VelVis Phase 'XWaveDBGen1' started ...
Info!      [E2W-2519]: : Loading "/net/svr-egc-net-02/vol/med1/med_vdev/mahmoud/ai_accelerator_block/emulation/veloce.med/design_level/glob_Dcd_CompileParams.txt.0" ...
ZFileRead(...vdb_DescriptorLibrary.vdb.0): incremental database in 332 chunks, strategy 2.
Info!      [E2W-2521]: : Project file load is done. (Time taken is '0 seconds'. Memory consumed is '39 MB')
Info!      [E2W-2501]: : Creating xwave data base using signal list file /net/svr-egc-net-02/vol/med1/med_vdev/mahmoud/ai_accelerator_block/emulation/veloce.med/XWAVE/allGroupsSignals.list
Info!      [E2W-2519]: : Loading "/net/svr-egc-net-02/vol/med1/med_vdev/mahmoud/ai_accelerator_block/emulation/veloce.med/XWAVE/allGroupsSignals.list" ...
Info!      [E2W-2521]: : Signal list loading is done. (Time taken is '0 seconds'. Memory consumed is '67 MB')
Info!      [E2W-2520]: : Writing header information started ...
Info!      [E2W-2521]: : Writing header information is done. (Time taken is '0 seconds'. Memory consumed is '61 MB')
Info!      [E2W-2501]: : Xwave Data Base is created successfully
Info!      [E2W-2521]: : VelVis Phase 'XWaveDBGen1' is done. (Time taken is '2 seconds'. Memory consumed is '311 MB')


Info!      [E2W-2550]: : The process exited on Thu Jul 15 14:41:27 2021. Overall running time: Wall clock time: ('2 seconds') Cpu time: ('2 seconds').
Task: exited with code: 0
