/usr/bin/env TBX_HOME=/tools/med_tools/software/Veloce_v20.0.3/tbx /tools/med_tools/software/Veloce_v20.0.3/tbx/rtlc/bin/rtlc-driver            -velcomp_tbx_merge -cms -ums -VLE -platform veloce    -gui -preserve_name_case -preserve -lib_map_file veloce.med/library_mapping.jaguarc -mw_run_macro -process_sign -compile_celldefines -compile_vhdl_inits -res_share -opt_best -sim_type none   -hdl_centric   -suppress TBXC-4856 -suppress RTLC-4856 -suppress TBXC-4527 -suppress RTLC-4527 -suppress TBXC-4535 -suppress RTLC-4535 -suppress TBXC-5775 -suppress RTLC-5775 -partition_module_xrtl 'scemi_input_pipe' -partition_module_xrtl 'scemi_output_pipe' -partition_rtl MctCore -partition_bhv MctClockGenerator -preserve_module MctClockGenerator -suppress RTLC-4835 -suppress TBXC-4835 -xrtl               -diamond1_map  -preserve -opt_best -lower_mem_threshold 50 -enable_protected_support -tcl_force_file forcible_regs -ivvn 20.0.3 -SFF -SWOM -proj veloce.med/design_level/glob_Dcd_CompileParams.txt.0 -annotated_nets_file veloce.med/design_level/glob_Nodexpdr_Annotated.txt.0 -config_base veloce         -main 'work.top'          -out_dir ./veloce.med/visualizer.out -rtlc_base_dir ./veloce.med/rtlc.out -enable_bin_conversion  -process_module_ann         -xwave_siglist siglist      -lic_key $LIC_KEY -emul_platform D2            
/bin/touch ./veloce.med/rtlc.completed
/bin/touch ./veloce.med/rtlc.out/rtlc.ini


Executing Command:
/usr/bin/env TBX_HOME=/tools/med_tools/software/Veloce_v20.0.3/tbx /tools/med_tools/software/Veloce_v20.0.3/tbx/rtlc/bin/rtlc-driver            -velcomp_tbx_merge -cms -ums -VLE -platform veloce    -gui -preserve_name_case -preserve -lib_map_file veloce.med/library_mapping.jaguarc -mw_run_macro -process_sign -compile_celldefines -compile_vhdl_inits -res_share -opt_best -sim_type none   -hdl_centric   -suppress TBXC-4856 -suppress RTLC-4856 -suppress TBXC-4527 -suppress RTLC-4527 -suppress TBXC-4535 -suppress RTLC-4535 -suppress TBXC-5775 -suppress RTLC-5775 -partition_module_xrtl 'scemi_input_pipe' -partition_module_xrtl 'scemi_output_pipe' -partition_rtl MctCore -partition_bhv MctClockGenerator -preserve_module MctClockGenerator -suppress RTLC-4835 -suppress TBXC-4835 -xrtl               -diamond1_map  -preserve -opt_best -lower_mem_threshold 50 -enable_protected_support -tcl_force_file forcible_regs -ivvn 20.0.3 -SFF -SWOM -proj veloce.med/design_level/glob_Dcd_CompileParams.txt.0 -annotated_nets_file veloce.med/design_level/glob_Nodexpdr_Annotated.txt.0 -config_base veloce         -main 'work.top'          -out_dir ./veloce.med/visualizer.out -rtlc_base_dir ./veloce.med/rtlc.out -enable_bin_conversion  -process_module_ann         -xwave_siglist siglist      -lic_key $LIC_KEY -emul_platform D2            
Info!     [RTLC-4822]: : RTLC-Visualizer, Release RTLC-Veloce 20.0.3
Info!     [RTLC-4824]: : Last compiled on Sep 30 2020 20:27:19
Info!     [RTLC-4821]: : Creating Visualizer Dump ....
Warning   [RTLC-1036]: File /net/svr-egc-net-02/vol/med1/med_vdev/mahmoud/ai_accelerator_block/emulation/rtl/top_module.v, Line 524: Mismatch in port size ( 1 ) and port connection size ( 3 ) for port ( wm_enable_write ) in instantiation ( ConvA1 ).
Warning   [RTLC-1036]: File /net/svr-egc-net-02/vol/med1/med_vdev/mahmoud/ai_accelerator_block/emulation/rtl/top_module.v, Line 528: Mismatch in port size ( 1 ) and port connection size ( 3 ) for port ( ifm_enable_write_previous ) in instantiation ( ConvA1 ).
Warning   [RTLC-1073]: File /net/svr-egc-net-02/vol/med1/med_vdev/mahmoud/ai_accelerator_block/emulation/rtl/ConvA1_DP.v, Line 75: No connection to the output port ( Data_Output_A ).
Warning   [RTLC-1036]: File /net/svr-egc-net-02/vol/med1/med_vdev/mahmoud/ai_accelerator_block/emulation/rtl/mem_array_1.v, Line 146: Mismatch in port size ( 20 ) and port connection size ( 32 ) for port ( Data_Input_B ) in instantiation ( IFM1 ).
Warning   [RTLC-1036]: File /net/svr-egc-net-02/vol/med1/med_vdev/mahmoud/ai_accelerator_block/emulation/rtl/mem_array_1.v, Line 164: Mismatch in port size ( 20 ) and port connection size ( 32 ) for port ( Data_Input_B ) in instantiation ( IFM2 ).
Warning   [RTLC-1034]: File /net/svr-egc-net-02/vol/med1/med_vdev/mahmoud/ai_accelerator_block/emulation/rtl/top_module.v, Line 592: Too few connections for instance ( mem_arrr2 ) of module ( mem_array_2 ) declared at </net/svr-egc-net-02/vol/med1/med_vdev/mahmoud/ai_accelerator_block/emulation/rtl/mem_array_2.v:3>.
Warning   [RTLC-1036]: File /net/svr-egc-net-02/vol/med1/med_vdev/mahmoud/ai_accelerator_block/emulation/rtl/mem_array_2.v, Line 145: Mismatch in port size ( 20 ) and port connection size ( 32 ) for port ( Data_Input_B ) in instantiation ( IFM1 ).
Warning   [RTLC-1036]: File /net/svr-egc-net-02/vol/med1/med_vdev/mahmoud/ai_accelerator_block/emulation/rtl/mem_array_2.v, Line 163: Mismatch in port size ( 20 ) and port connection size ( 32 ) for port ( Data_Input_B ) in instantiation ( IFM2 ).
Warning   [RTLC-1036]: File /net/svr-egc-net-02/vol/med1/med_vdev/mahmoud/ai_accelerator_block/emulation/rtl/mem_array_3.v, Line 305: Mismatch in port size ( 20 ) and port connection size ( 32 ) for port ( Data_Input_B_Mem1 ) in instantiation ( M1 ).
Warning   [RTLC-1036]: File /net/svr-egc-net-02/vol/med1/med_vdev/mahmoud/ai_accelerator_block/emulation/rtl/mem_array_3.v, Line 307: Mismatch in port size ( 20 ) and port connection size ( 32 ) for port ( Data_Input_B_Mem2 ) in instantiation ( M1 ).
Warning   [RTLC-1036]: File /net/svr-egc-net-02/vol/med1/med_vdev/mahmoud/ai_accelerator_block/emulation/rtl/mem_array_3.v, Line 309: Mismatch in port size ( 20 ) and port connection size ( 32 ) for port ( Data_Input_B_Mem3 ) in instantiation ( M1 ).
Warning   [RTLC-1036]: File /net/svr-egc-net-02/vol/med1/med_vdev/mahmoud/ai_accelerator_block/emulation/rtl/mem_array_3.v, Line 330: Mismatch in port size ( 20 ) and port connection size ( 32 ) for port ( Data_Input_B_Mem1 ) in instantiation ( M2 ).
Warning   [RTLC-1036]: File /net/svr-egc-net-02/vol/med1/med_vdev/mahmoud/ai_accelerator_block/emulation/rtl/mem_array_3.v, Line 332: Mismatch in port size ( 20 ) and port connection size ( 32 ) for port ( Data_Input_B_Mem2 ) in instantiation ( M2 ).
Warning   [RTLC-1036]: File /net/svr-egc-net-02/vol/med1/med_vdev/mahmoud/ai_accelerator_block/emulation/rtl/mem_array_3.v, Line 334: Mismatch in port size ( 20 ) and port connection size ( 32 ) for port ( Data_Input_B_Mem3 ) in instantiation ( M2 ).
Warning   [RTLC-1036]: File /net/svr-egc-net-02/vol/med1/med_vdev/mahmoud/ai_accelerator_block/emulation/rtl/mem_array_3.v, Line 355: Mismatch in port size ( 20 ) and port connection size ( 32 ) for port ( Data_Input_B_Mem1 ) in instantiation ( M3 ).
Warning   [RTLC-1036]: File /net/svr-egc-net-02/vol/med1/med_vdev/mahmoud/ai_accelerator_block/emulation/rtl/mem_array_3.v, Line 357: Mismatch in port size ( 20 ) and port connection size ( 32 ) for port ( Data_Input_B_Mem2 ) in instantiation ( M3 ).
Warning   [RTLC-1036]: File /net/svr-egc-net-02/vol/med1/med_vdev/mahmoud/ai_accelerator_block/emulation/rtl/mem_array_3.v, Line 359: Mismatch in port size ( 20 ) and port connection size ( 32 ) for port ( Data_Input_B_Mem3 ) in instantiation ( M3 ).
Warning   [RTLC-1036]: File /net/svr-egc-net-02/vol/med1/med_vdev/mahmoud/ai_accelerator_block/emulation/rtl/mem_array_3.v, Line 380: Mismatch in port size ( 20 ) and port connection size ( 32 ) for port ( Data_Input_B_Mem1 ) in instantiation ( M4 ).
Warning   [RTLC-1036]: File /net/svr-egc-net-02/vol/med1/med_vdev/mahmoud/ai_accelerator_block/emulation/rtl/mem_array_3.v, Line 382: Mismatch in port size ( 20 ) and port connection size ( 32 ) for port ( Data_Input_B_Mem2 ) in instantiation ( M4 ).
Warning   [RTLC-1036]: File /net/svr-egc-net-02/vol/med1/med_vdev/mahmoud/ai_accelerator_block/emulation/rtl/mem_array_3.v, Line 384: Mismatch in port size ( 20 ) and port connection size ( 32 ) for port ( Data_Input_B_Mem3 ) in instantiation ( M4 ).
Warning   [RTLC-1036]: File /net/svr-egc-net-02/vol/med1/med_vdev/mahmoud/ai_accelerator_block/emulation/rtl/mem_array_3.v, Line 405: Mismatch in port size ( 20 ) and port connection size ( 32 ) for port ( Data_Input_B_Mem1 ) in instantiation ( M5 ).
Warning   [RTLC-1036]: File /net/svr-egc-net-02/vol/med1/med_vdev/mahmoud/ai_accelerator_block/emulation/rtl/mem_array_3.v, Line 407: Mismatch in port size ( 20 ) and port connection size ( 32 ) for port ( Data_Input_B_Mem2 ) in instantiation ( M5 ).
Warning   [RTLC-1036]: File /net/svr-egc-net-02/vol/med1/med_vdev/mahmoud/ai_accelerator_block/emulation/rtl/mem_array_3.v, Line 409: Mismatch in port size ( 20 ) and port connection size ( 32 ) for port ( Data_Input_B_Mem3 ) in instantiation ( M5 ).
Warning   [RTLC-1036]: File /net/svr-egc-net-02/vol/med1/med_vdev/mahmoud/ai_accelerator_block/emulation/rtl/mem_array_3.v, Line 436: Mismatch in port size ( 20 ) and port connection size ( 32 ) for port ( Data_Input_B ) in instantiation ( convA2_IFM16 ).
Warning   [RTLC-1034]: File /net/svr-egc-net-02/vol/med1/med_vdev/mahmoud/ai_accelerator_block/emulation/rtl/top_module.v, Line 713: Too few connections for instance ( mem_arrr4 ) of module ( mem_array_4 ) declared at </net/svr-egc-net-02/vol/med1/med_vdev/mahmoud/ai_accelerator_block/emulation/rtl/mem_array_4.v:3>.
Warning   [RTLC-1036]: File /net/svr-egc-net-02/vol/med1/med_vdev/mahmoud/ai_accelerator_block/emulation/rtl/mem_array_4.v, Line 304: Mismatch in port size ( 20 ) and port connection size ( 32 ) for port ( Data_Input_B_Mem1 ) in instantiation ( M1 ).
Warning   [RTLC-1036]: File /net/svr-egc-net-02/vol/med1/med_vdev/mahmoud/ai_accelerator_block/emulation/rtl/mem_array_4.v, Line 306: Mismatch in port size ( 20 ) and port connection size ( 32 ) for port ( Data_Input_B_Mem2 ) in instantiation ( M1 ).
Warning   [RTLC-1036]: File /net/svr-egc-net-02/vol/med1/med_vdev/mahmoud/ai_accelerator_block/emulation/rtl/mem_array_4.v, Line 308: Mismatch in port size ( 20 ) and port connection size ( 32 ) for port ( Data_Input_B_Mem3 ) in instantiation ( M1 ).
Warning   [RTLC-1036]: File /net/svr-egc-net-02/vol/med1/med_vdev/mahmoud/ai_accelerator_block/emulation/rtl/mem_array_4.v, Line 329: Mismatch in port size ( 20 ) and port connection size ( 32 ) for port ( Data_Input_B_Mem1 ) in instantiation ( M2 ).
Warning   [RTLC-1036]: File /net/svr-egc-net-02/vol/med1/med_vdev/mahmoud/ai_accelerator_block/emulation/rtl/mem_array_4.v, Line 331: Mismatch in port size ( 20 ) and port connection size ( 32 ) for port ( Data_Input_B_Mem2 ) in instantiation ( M2 ).
Warning   [RTLC-1036]: File /net/svr-egc-net-02/vol/med1/med_vdev/mahmoud/ai_accelerator_block/emulation/rtl/mem_array_4.v, Line 333: Mismatch in port size ( 20 ) and port connection size ( 32 ) for port ( Data_Input_B_Mem3 ) in instantiation ( M2 ).
Warning   [RTLC-1036]: File /net/svr-egc-net-02/vol/med1/med_vdev/mahmoud/ai_accelerator_block/emulation/rtl/mem_array_4.v, Line 354: Mismatch in port size ( 20 ) and port connection size ( 32 ) for port ( Data_Input_B_Mem1 ) in instantiation ( M3 ).
Warning   [RTLC-1036]: File /net/svr-egc-net-02/vol/med1/med_vdev/mahmoud/ai_accelerator_block/emulation/rtl/mem_array_4.v, Line 356: Mismatch in port size ( 20 ) and port connection size ( 32 ) for port ( Data_Input_B_Mem2 ) in instantiation ( M3 ).
Warning   [RTLC-1036]: File /net/svr-egc-net-02/vol/med1/med_vdev/mahmoud/ai_accelerator_block/emulation/rtl/mem_array_4.v, Line 358: Mismatch in port size ( 20 ) and port connection size ( 32 ) for port ( Data_Input_B_Mem3 ) in instantiation ( M3 ).
Warning   [RTLC-1036]: File /net/svr-egc-net-02/vol/med1/med_vdev/mahmoud/ai_accelerator_block/emulation/rtl/mem_array_4.v, Line 379: Mismatch in port size ( 20 ) and port connection size ( 32 ) for port ( Data_Input_B_Mem1 ) in instantiation ( M4 ).
Warning   [RTLC-1036]: File /net/svr-egc-net-02/vol/med1/med_vdev/mahmoud/ai_accelerator_block/emulation/rtl/mem_array_4.v, Line 381: Mismatch in port size ( 20 ) and port connection size ( 32 ) for port ( Data_Input_B_Mem2 ) in instantiation ( M4 ).
Warning   [RTLC-1036]: File /net/svr-egc-net-02/vol/med1/med_vdev/mahmoud/ai_accelerator_block/emulation/rtl/mem_array_4.v, Line 383: Mismatch in port size ( 20 ) and port connection size ( 32 ) for port ( Data_Input_B_Mem3 ) in instantiation ( M4 ).
Warning   [RTLC-1036]: File /net/svr-egc-net-02/vol/med1/med_vdev/mahmoud/ai_accelerator_block/emulation/rtl/mem_array_4.v, Line 404: Mismatch in port size ( 20 ) and port connection size ( 32 ) for port ( Data_Input_B_Mem1 ) in instantiation ( M5 ).
Warning   [RTLC-1036]: File /net/svr-egc-net-02/vol/med1/med_vdev/mahmoud/ai_accelerator_block/emulation/rtl/mem_array_4.v, Line 406: Mismatch in port size ( 20 ) and port connection size ( 32 ) for port ( Data_Input_B_Mem2 ) in instantiation ( M5 ).
Warning   [RTLC-1036]: File /net/svr-egc-net-02/vol/med1/med_vdev/mahmoud/ai_accelerator_block/emulation/rtl/mem_array_4.v, Line 408: Mismatch in port size ( 20 ) and port connection size ( 32 ) for port ( Data_Input_B_Mem3 ) in instantiation ( M5 ).
Warning   [RTLC-1036]: File /net/svr-egc-net-02/vol/med1/med_vdev/mahmoud/ai_accelerator_block/emulation/rtl/mem_array_4.v, Line 435: Mismatch in port size ( 20 ) and port connection size ( 32 ) for port ( Data_Input_B ) in instantiation ( convA2_IFM16 ).
Warning   [RTLC-1034]: File /net/svr-egc-net-02/vol/med1/med_vdev/mahmoud/ai_accelerator_block/emulation/rtl/top_module.v, Line 742: Too few connections for instance ( ConvA2 ) of module ( TOP_ConvA2 ) declared at </net/svr-egc-net-02/vol/med1/med_vdev/mahmoud/ai_accelerator_block/emulation/rtl/TOP_ConvA2.v:3>.
Status    [RTLC-4537]: : Time taken in Compilation: 0.68 secs.
Info!     [RTLC-4857]: : Total memory taken for compilation: 708.2 MB.


Executing Command:
/bin/touch ./veloce.med/rtlc.completed


Executing Command:
/bin/touch ./veloce.med/rtlc.out/rtlc.ini
Task: exited with code: 0
