/bin/touch ./veloce.med/timestampForReconvdb
/usr/bin/env TBX_HOME=/tools/med_tools/software/Veloce_v20.0.3/tbx /tools/med_tools/software/Veloce_v20.0.3/tbx/rtlc/bin/rtlc-driver            -velcomp_tbx_merge -cms -ums -VLE -platform veloce    -gui -preserve_name_case -preserve -lib_map_file veloce.med/library_mapping.jaguarc -mw_run_macro -process_sign -compile_celldefines -compile_vhdl_inits -res_share -opt_best -sim_type none   -hdl_centric   -suppress TBXC-4856 -suppress RTLC-4856 -suppress TBXC-4527 -suppress RTLC-4527 -suppress TBXC-4535 -suppress RTLC-4535 -suppress TBXC-5775 -suppress RTLC-5775 -partition_module_xrtl 'scemi_input_pipe' -partition_module_xrtl 'scemi_output_pipe' -partition_rtl MctCore -partition_bhv MctClockGenerator -preserve_module MctClockGenerator -suppress RTLC-4835 -suppress TBXC-4835 -xrtl -mw compile               -diamond1_map  -preserve -opt_best -lower_mem_threshold 50 -enable_protected_support -tcl_force_file forcible_regs -ivvn 20.0.3 -SFF -SWOM -proj veloce.med/design_level/glob_Dcd_CompileParams.txt.0 -annotated_nets_file veloce.med/design_level/glob_Nodexpdr_Annotated.txt.0 -config_base veloce         -main 'work.top'          -out_dir ./veloce.med/rtlc.out    -process_module_ann         -xwave_siglist siglist      -lic_key $LIC_KEY -emul_platform D2            -write_elab_options
/usr/bin/env TBX_HOME=/tools/med_tools/software/Veloce_v20.0.3/tbx /tools/med_tools/software/Veloce_v20.0.3/tbx/rtlc/bin/rtlc-driver            -velcomp_tbx_merge -cms -ums -VLE -platform veloce    -gui -preserve_name_case -preserve -lib_map_file veloce.med/library_mapping.jaguarc -mw_run_macro -process_sign -compile_celldefines -compile_vhdl_inits -res_share -opt_best -sim_type none   -hdl_centric   -suppress TBXC-4856 -suppress RTLC-4856 -suppress TBXC-4527 -suppress RTLC-4527 -suppress TBXC-4535 -suppress RTLC-4535 -suppress TBXC-5775 -suppress RTLC-5775 -partition_module_xrtl 'scemi_input_pipe' -partition_module_xrtl 'scemi_output_pipe' -partition_rtl MctCore -partition_bhv MctClockGenerator -preserve_module MctClockGenerator -suppress RTLC-4835 -suppress TBXC-4835 -xrtl -mw compile               -diamond1_map  -preserve -opt_best -lower_mem_threshold 50 -enable_protected_support -tcl_force_file forcible_regs -ivvn 20.0.3 -SFF -SWOM -proj veloce.med/design_level/glob_Dcd_CompileParams.txt.0 -annotated_nets_file veloce.med/design_level/glob_Nodexpdr_Annotated.txt.0 -config_base veloce         -main 'work.top'          -out_dir ./veloce.med/rtlc.out    -process_module_ann         -xwave_siglist siglist      -lic_key $LIC_KEY -emul_platform D2            
/bin/touch ./veloce.med/rtlc.completed
/bin/touch ./veloce.med/rtlc.out/rtlc.ini


Executing Command:
/bin/touch ./veloce.med/timestampForReconvdb


Executing Command:
/usr/bin/env TBX_HOME=/tools/med_tools/software/Veloce_v20.0.3/tbx /tools/med_tools/software/Veloce_v20.0.3/tbx/rtlc/bin/rtlc-driver            -velcomp_tbx_merge -cms -ums -VLE -platform veloce    -gui -preserve_name_case -preserve -lib_map_file veloce.med/library_mapping.jaguarc -mw_run_macro -process_sign -compile_celldefines -compile_vhdl_inits -res_share -opt_best -sim_type none   -hdl_centric   -suppress TBXC-4856 -suppress RTLC-4856 -suppress TBXC-4527 -suppress RTLC-4527 -suppress TBXC-4535 -suppress RTLC-4535 -suppress TBXC-5775 -suppress RTLC-5775 -partition_module_xrtl 'scemi_input_pipe' -partition_module_xrtl 'scemi_output_pipe' -partition_rtl MctCore -partition_bhv MctClockGenerator -preserve_module MctClockGenerator -suppress RTLC-4835 -suppress TBXC-4835 -xrtl -mw compile               -diamond1_map  -preserve -opt_best -lower_mem_threshold 50 -enable_protected_support -tcl_force_file forcible_regs -ivvn 20.0.3 -SFF -SWOM -proj veloce.med/design_level/glob_Dcd_CompileParams.txt.0 -annotated_nets_file veloce.med/design_level/glob_Nodexpdr_Annotated.txt.0 -config_base veloce         -main 'work.top'          -out_dir ./veloce.med/rtlc.out    -process_module_ann         -xwave_siglist siglist      -lic_key $LIC_KEY -emul_platform D2            -write_elab_options
Info!     [RTLCDriver-1]: : Elaboration options dumped in the files ...
                          "./veloce.med/rtlc.out/.debussy_elab_file" and
                          "./veloce.med/rtlc.out/.gui_elab_file".


Executing Command:
/usr/bin/env TBX_HOME=/tools/med_tools/software/Veloce_v20.0.3/tbx /tools/med_tools/software/Veloce_v20.0.3/tbx/rtlc/bin/rtlc-driver            -velcomp_tbx_merge -cms -ums -VLE -platform veloce    -gui -preserve_name_case -preserve -lib_map_file veloce.med/library_mapping.jaguarc -mw_run_macro -process_sign -compile_celldefines -compile_vhdl_inits -res_share -opt_best -sim_type none   -hdl_centric   -suppress TBXC-4856 -suppress RTLC-4856 -suppress TBXC-4527 -suppress RTLC-4527 -suppress TBXC-4535 -suppress RTLC-4535 -suppress TBXC-5775 -suppress RTLC-5775 -partition_module_xrtl 'scemi_input_pipe' -partition_module_xrtl 'scemi_output_pipe' -partition_rtl MctCore -partition_bhv MctClockGenerator -preserve_module MctClockGenerator -suppress RTLC-4835 -suppress TBXC-4835 -xrtl -mw compile               -diamond1_map  -preserve -opt_best -lower_mem_threshold 50 -enable_protected_support -tcl_force_file forcible_regs -ivvn 20.0.3 -SFF -SWOM -proj veloce.med/design_level/glob_Dcd_CompileParams.txt.0 -annotated_nets_file veloce.med/design_level/glob_Nodexpdr_Annotated.txt.0 -config_base veloce         -main 'work.top'          -out_dir ./veloce.med/rtlc.out    -process_module_ann         -xwave_siglist siglist      -lic_key $LIC_KEY -emul_platform D2            
Warning   [RTLC-15481]: : Unknown command line option ( -SWOM ) is ignored. Please fix the setup as this will be an error in next major release.
Info!     [RTLC-4822]: : RTLC-Driver, Release RTLC-Veloce 20.0.3
Info!     [RTLC-4824]: : Last compiled on Sep 30 2020 20:27:19
Status    [RTLC-4504]: : Partitioning design ....
Info!     [RTLC-4821]: : Creating Design Hierarchy ....
Warning   [RTLC-1036]: File /net/svr-egc-net-02/vol/med1/med_vdev/mahmoud/ai_accelerator_block/emulation/rtl/top_module.v, Line 524: Mismatch in port size ( 1 ) and port connection size ( 3 ) for port ( wm_enable_write ) in instantiation ( ConvA1 ).
Warning   [RTLC-1036]: File /net/svr-egc-net-02/vol/med1/med_vdev/mahmoud/ai_accelerator_block/emulation/rtl/top_module.v, Line 528: Mismatch in port size ( 1 ) and port connection size ( 3 ) for port ( ifm_enable_write_previous ) in instantiation ( ConvA1 ).
Warning   [RTLC-1073]: File /net/svr-egc-net-02/vol/med1/med_vdev/mahmoud/ai_accelerator_block/emulation/rtl/ConvA1_DP.v, Line 75: No connection to the output port ( Data_Output_A ).
Warning   [RTLC-1036]: File /net/svr-egc-net-02/vol/med1/med_vdev/mahmoud/ai_accelerator_block/emulation/rtl/mem_array_1.v, Line 146: Mismatch in port size ( 20 ) and port connection size ( 32 ) for port ( Data_Input_B ) in instantiation ( IFM1 ).
Warning   [RTLC-1036]: File /net/svr-egc-net-02/vol/med1/med_vdev/mahmoud/ai_accelerator_block/emulation/rtl/mem_array_1.v, Line 164: Mismatch in port size ( 20 ) and port connection size ( 32 ) for port ( Data_Input_B ) in instantiation ( IFM2 ).
Warning   [RTLC-1034]: File /net/svr-egc-net-02/vol/med1/med_vdev/mahmoud/ai_accelerator_block/emulation/rtl/top_module.v, Line 592: Too few connections for instance ( mem_arrr2 ) of module ( mem_array_2 ) declared at </net/svr-egc-net-02/vol/med1/med_vdev/mahmoud/ai_accelerator_block/emulation/rtl/mem_array_2.v:3>.
Warning   [RTLC-1036]: File /net/svr-egc-net-02/vol/med1/med_vdev/mahmoud/ai_accelerator_block/emulation/rtl/mem_array_2.v, Line 145: Mismatch in port size ( 20 ) and port connection size ( 32 ) for port ( Data_Input_B ) in instantiation ( IFM1 ).
Warning   [RTLC-1036]: File /net/svr-egc-net-02/vol/med1/med_vdev/mahmoud/ai_accelerator_block/emulation/rtl/mem_array_2.v, Line 163: Mismatch in port size ( 20 ) and port connection size ( 32 ) for port ( Data_Input_B ) in instantiation ( IFM2 ).
Warning   [RTLC-1036]: File /net/svr-egc-net-02/vol/med1/med_vdev/mahmoud/ai_accelerator_block/emulation/rtl/mem_array_3.v, Line 305: Mismatch in port size ( 20 ) and port connection size ( 32 ) for port ( Data_Input_B_Mem1 ) in instantiation ( M1 ).
Warning   [RTLC-1036]: File /net/svr-egc-net-02/vol/med1/med_vdev/mahmoud/ai_accelerator_block/emulation/rtl/mem_array_3.v, Line 307: Mismatch in port size ( 20 ) and port connection size ( 32 ) for port ( Data_Input_B_Mem2 ) in instantiation ( M1 ).
Warning   [RTLC-1036]: File /net/svr-egc-net-02/vol/med1/med_vdev/mahmoud/ai_accelerator_block/emulation/rtl/mem_array_3.v, Line 309: Mismatch in port size ( 20 ) and port connection size ( 32 ) for port ( Data_Input_B_Mem3 ) in instantiation ( M1 ).
Warning   [RTLC-1036]: File /net/svr-egc-net-02/vol/med1/med_vdev/mahmoud/ai_accelerator_block/emulation/rtl/mem_array_3.v, Line 330: Mismatch in port size ( 20 ) and port connection size ( 32 ) for port ( Data_Input_B_Mem1 ) in instantiation ( M2 ).
Warning   [RTLC-1036]: File /net/svr-egc-net-02/vol/med1/med_vdev/mahmoud/ai_accelerator_block/emulation/rtl/mem_array_3.v, Line 332: Mismatch in port size ( 20 ) and port connection size ( 32 ) for port ( Data_Input_B_Mem2 ) in instantiation ( M2 ).
Warning   [RTLC-1036]: File /net/svr-egc-net-02/vol/med1/med_vdev/mahmoud/ai_accelerator_block/emulation/rtl/mem_array_3.v, Line 334: Mismatch in port size ( 20 ) and port connection size ( 32 ) for port ( Data_Input_B_Mem3 ) in instantiation ( M2 ).
Warning   [RTLC-1036]: File /net/svr-egc-net-02/vol/med1/med_vdev/mahmoud/ai_accelerator_block/emulation/rtl/mem_array_3.v, Line 355: Mismatch in port size ( 20 ) and port connection size ( 32 ) for port ( Data_Input_B_Mem1 ) in instantiation ( M3 ).
Warning   [RTLC-1036]: File /net/svr-egc-net-02/vol/med1/med_vdev/mahmoud/ai_accelerator_block/emulation/rtl/mem_array_3.v, Line 357: Mismatch in port size ( 20 ) and port connection size ( 32 ) for port ( Data_Input_B_Mem2 ) in instantiation ( M3 ).
Warning   [RTLC-1036]: File /net/svr-egc-net-02/vol/med1/med_vdev/mahmoud/ai_accelerator_block/emulation/rtl/mem_array_3.v, Line 359: Mismatch in port size ( 20 ) and port connection size ( 32 ) for port ( Data_Input_B_Mem3 ) in instantiation ( M3 ).
Warning   [RTLC-1036]: File /net/svr-egc-net-02/vol/med1/med_vdev/mahmoud/ai_accelerator_block/emulation/rtl/mem_array_3.v, Line 380: Mismatch in port size ( 20 ) and port connection size ( 32 ) for port ( Data_Input_B_Mem1 ) in instantiation ( M4 ).
Warning   [RTLC-1036]: File /net/svr-egc-net-02/vol/med1/med_vdev/mahmoud/ai_accelerator_block/emulation/rtl/mem_array_3.v, Line 382: Mismatch in port size ( 20 ) and port connection size ( 32 ) for port ( Data_Input_B_Mem2 ) in instantiation ( M4 ).
Warning   [RTLC-1036]: File /net/svr-egc-net-02/vol/med1/med_vdev/mahmoud/ai_accelerator_block/emulation/rtl/mem_array_3.v, Line 384: Mismatch in port size ( 20 ) and port connection size ( 32 ) for port ( Data_Input_B_Mem3 ) in instantiation ( M4 ).
Warning   [RTLC-1036]: File /net/svr-egc-net-02/vol/med1/med_vdev/mahmoud/ai_accelerator_block/emulation/rtl/mem_array_3.v, Line 405: Mismatch in port size ( 20 ) and port connection size ( 32 ) for port ( Data_Input_B_Mem1 ) in instantiation ( M5 ).
Warning   [RTLC-1036]: File /net/svr-egc-net-02/vol/med1/med_vdev/mahmoud/ai_accelerator_block/emulation/rtl/mem_array_3.v, Line 407: Mismatch in port size ( 20 ) and port connection size ( 32 ) for port ( Data_Input_B_Mem2 ) in instantiation ( M5 ).
Warning   [RTLC-1036]: File /net/svr-egc-net-02/vol/med1/med_vdev/mahmoud/ai_accelerator_block/emulation/rtl/mem_array_3.v, Line 409: Mismatch in port size ( 20 ) and port connection size ( 32 ) for port ( Data_Input_B_Mem3 ) in instantiation ( M5 ).
Warning   [RTLC-1036]: File /net/svr-egc-net-02/vol/med1/med_vdev/mahmoud/ai_accelerator_block/emulation/rtl/mem_array_3.v, Line 436: Mismatch in port size ( 20 ) and port connection size ( 32 ) for port ( Data_Input_B ) in instantiation ( convA2_IFM16 ).
Warning   [RTLC-1034]: File /net/svr-egc-net-02/vol/med1/med_vdev/mahmoud/ai_accelerator_block/emulation/rtl/top_module.v, Line 713: Too few connections for instance ( mem_arrr4 ) of module ( mem_array_4 ) declared at </net/svr-egc-net-02/vol/med1/med_vdev/mahmoud/ai_accelerator_block/emulation/rtl/mem_array_4.v:3>.
Warning   [RTLC-1036]: File /net/svr-egc-net-02/vol/med1/med_vdev/mahmoud/ai_accelerator_block/emulation/rtl/mem_array_4.v, Line 304: Mismatch in port size ( 20 ) and port connection size ( 32 ) for port ( Data_Input_B_Mem1 ) in instantiation ( M1 ).
Warning   [RTLC-1036]: File /net/svr-egc-net-02/vol/med1/med_vdev/mahmoud/ai_accelerator_block/emulation/rtl/mem_array_4.v, Line 306: Mismatch in port size ( 20 ) and port connection size ( 32 ) for port ( Data_Input_B_Mem2 ) in instantiation ( M1 ).
Warning   [RTLC-1036]: File /net/svr-egc-net-02/vol/med1/med_vdev/mahmoud/ai_accelerator_block/emulation/rtl/mem_array_4.v, Line 308: Mismatch in port size ( 20 ) and port connection size ( 32 ) for port ( Data_Input_B_Mem3 ) in instantiation ( M1 ).
Warning   [RTLC-1036]: File /net/svr-egc-net-02/vol/med1/med_vdev/mahmoud/ai_accelerator_block/emulation/rtl/mem_array_4.v, Line 329: Mismatch in port size ( 20 ) and port connection size ( 32 ) for port ( Data_Input_B_Mem1 ) in instantiation ( M2 ).
Warning   [RTLC-1036]: File /net/svr-egc-net-02/vol/med1/med_vdev/mahmoud/ai_accelerator_block/emulation/rtl/mem_array_4.v, Line 331: Mismatch in port size ( 20 ) and port connection size ( 32 ) for port ( Data_Input_B_Mem2 ) in instantiation ( M2 ).
Warning   [RTLC-1036]: File /net/svr-egc-net-02/vol/med1/med_vdev/mahmoud/ai_accelerator_block/emulation/rtl/mem_array_4.v, Line 333: Mismatch in port size ( 20 ) and port connection size ( 32 ) for port ( Data_Input_B_Mem3 ) in instantiation ( M2 ).
Warning   [RTLC-1036]: File /net/svr-egc-net-02/vol/med1/med_vdev/mahmoud/ai_accelerator_block/emulation/rtl/mem_array_4.v, Line 354: Mismatch in port size ( 20 ) and port connection size ( 32 ) for port ( Data_Input_B_Mem1 ) in instantiation ( M3 ).
Warning   [RTLC-1036]: File /net/svr-egc-net-02/vol/med1/med_vdev/mahmoud/ai_accelerator_block/emulation/rtl/mem_array_4.v, Line 356: Mismatch in port size ( 20 ) and port connection size ( 32 ) for port ( Data_Input_B_Mem2 ) in instantiation ( M3 ).
Warning   [RTLC-1036]: File /net/svr-egc-net-02/vol/med1/med_vdev/mahmoud/ai_accelerator_block/emulation/rtl/mem_array_4.v, Line 358: Mismatch in port size ( 20 ) and port connection size ( 32 ) for port ( Data_Input_B_Mem3 ) in instantiation ( M3 ).
Warning   [RTLC-1036]: File /net/svr-egc-net-02/vol/med1/med_vdev/mahmoud/ai_accelerator_block/emulation/rtl/mem_array_4.v, Line 379: Mismatch in port size ( 20 ) and port connection size ( 32 ) for port ( Data_Input_B_Mem1 ) in instantiation ( M4 ).
Warning   [RTLC-1036]: File /net/svr-egc-net-02/vol/med1/med_vdev/mahmoud/ai_accelerator_block/emulation/rtl/mem_array_4.v, Line 381: Mismatch in port size ( 20 ) and port connection size ( 32 ) for port ( Data_Input_B_Mem2 ) in instantiation ( M4 ).
Warning   [RTLC-1036]: File /net/svr-egc-net-02/vol/med1/med_vdev/mahmoud/ai_accelerator_block/emulation/rtl/mem_array_4.v, Line 383: Mismatch in port size ( 20 ) and port connection size ( 32 ) for port ( Data_Input_B_Mem3 ) in instantiation ( M4 ).
Warning   [RTLC-1036]: File /net/svr-egc-net-02/vol/med1/med_vdev/mahmoud/ai_accelerator_block/emulation/rtl/mem_array_4.v, Line 404: Mismatch in port size ( 20 ) and port connection size ( 32 ) for port ( Data_Input_B_Mem1 ) in instantiation ( M5 ).
Warning   [RTLC-1036]: File /net/svr-egc-net-02/vol/med1/med_vdev/mahmoud/ai_accelerator_block/emulation/rtl/mem_array_4.v, Line 406: Mismatch in port size ( 20 ) and port connection size ( 32 ) for port ( Data_Input_B_Mem2 ) in instantiation ( M5 ).
Warning   [RTLC-1036]: File /net/svr-egc-net-02/vol/med1/med_vdev/mahmoud/ai_accelerator_block/emulation/rtl/mem_array_4.v, Line 408: Mismatch in port size ( 20 ) and port connection size ( 32 ) for port ( Data_Input_B_Mem3 ) in instantiation ( M5 ).
Warning   [RTLC-1036]: File /net/svr-egc-net-02/vol/med1/med_vdev/mahmoud/ai_accelerator_block/emulation/rtl/mem_array_4.v, Line 435: Mismatch in port size ( 20 ) and port connection size ( 32 ) for port ( Data_Input_B ) in instantiation ( convA2_IFM16 ).
Warning   [RTLC-1034]: File /net/svr-egc-net-02/vol/med1/med_vdev/mahmoud/ai_accelerator_block/emulation/rtl/top_module.v, Line 742: Too few connections for instance ( ConvA2 ) of module ( TOP_ConvA2 ) declared at </net/svr-egc-net-02/vol/med1/med_vdev/mahmoud/ai_accelerator_block/emulation/rtl/TOP_ConvA2.v:3>.
[XWAVE-DRIVER]: Time taken in processing : 0 secs
Info!     [RTLC-4821]: : Dumping Design Hierarchy ....
Status    [RTLC-4537]: : Time taken in Partitioning design: 0.79 secs.
Status    [RTLC-4506]: : Module ConvA1_CU{DATA_WIDTH=>20,IFM_SIZE=>32,IFM_DEPTH=>1,KERNAL_SIZE=>5,NUMBER_OF_FILTERS=>6,NUMBER_OF_UNITS=>1} Pre-processing...
Note!     [RTLC-5251]: : Built-in hardware memory core inferred for variable ': "SinglePort_Memory.Memory depth = 6, width = 20"'.
Status    [RTLC-4506]: : Module SinglePort_Memory{DATA_WIDTH=>20,MEM_SIZE=>6} Pre-processing...
Note!     [RTLC-5251]: : Built-in hardware memory core inferred for variable ': "TrueDualPort_Memory.IFM_Memory depth = 1024, width = 20"'.
Status    [RTLC-4506]: : Module TrueDualPort_Memory{DATA_WIDTH=>20,MEM_SIZE=>1024} Pre-processing...
Note!     [RTLC-5251]: : Built-in hardware memory core inferred for variable ': "SinglePort_Memory.Memory depth = 150, width = 20"'.
Status    [RTLC-4506]: : Module SinglePort_Memory{DATA_WIDTH=>20,MEM_SIZE=>150} Pre-processing...
Warning   [RTLC-5597]: File /net/svr-egc-net-02/vol/med1/med_vdev/mahmoud/ai_accelerator_block/emulation/rtl/FIFO_25outputs_WM.v, Line 36: Module: FIFO_25outputs_WM{DATA_WIDTH=>20,KERNAL_SIZE=>5}, Net: 'FIFO' is a potential RAM of size 500 bits. If you think that a RAM should have been inferred here, please set the attribute 'ram_block' on the signal to force a RAM. Syntax: "// pragma attribute FIFO ram_block 1". If a RAM is still not inferred, please check warnings for why it was not inferred.
Status    [RTLC-4506]: : Module FIFO_25outputs_WM{DATA_WIDTH=>20,KERNAL_SIZE=>5} Pre-processing...
Status    [RTLC-4506]: : Module fixed_point_mul Pre-processing...
Status    [RTLC-4506]: : Module Multiplier{ARITH_TYPE=>1,DATA_WIDTH=>20} Pre-processing...
Status    [RTLC-4506]: : Module fixed_point_adder{DATA_WIDTH=>20} Pre-processing...
Status    [RTLC-4506]: : Module Adder{ARITH_TYPE=>1,DATA_WIDTH=>20} Pre-processing...
Status    [RTLC-4506]: : Module Delay{Delay_Data_Width=>20,delay_cycles=>2} Pre-processing...
Status    [RTLC-4506]: : Module Convolution_A1{ARITH_TYPE=>1,DATA_WIDTH=>20,IFM_SIZE=>32,IFM_DEPTH=>3,KERNAL_SIZE=>5,NUMBER_OF_FILTERS=>6} Pre-processing...
Status    [RTLC-4506]: : Module Relu{DATA_WIDTH=>20} Pre-processing...
Status    [RTLC-4506]: : Module ConvA1_DP{ARITH_TYPE=>1,DATA_WIDTH=>20,IFM_SIZE=>32,IFM_DEPTH=>1,KERNAL_SIZE=>5,NUMBER_OF_FILTERS=>6,NUMBER_OF_UNITS=>1} Pre-processing...
Note!     [RTLC-5251]: : Built-in hardware memory core inferred for variable ': "TrueDualPort_Memory.IFM_Memory depth = 784, width = 20"'.
Status    [RTLC-4506]: : Module TrueDualPort_Memory{DATA_WIDTH=>20,MEM_SIZE=>784} Pre-processing...
Status    [RTLC-4508]: : Module ConvA1_CU{DATA_WIDTH=>20,IFM_SIZE=>32,IFM_DEPTH=>1,KERNAL_SIZE=>5,NUMBER_OF_FILTERS=>6,NUMBER_OF_UNITS=>1} Compiling...
Status    [RTLC-4508]: : Module SinglePort_Memory{DATA_WIDTH=>20,MEM_SIZE=>6} Compiling...
Status    [RTLC-4508]: : Module TrueDualPort_Memory{DATA_WIDTH=>20,MEM_SIZE=>1024} Compiling...
Status    [RTLC-4508]: : Module SinglePort_Memory{DATA_WIDTH=>20,MEM_SIZE=>150} Compiling...
Status    [RTLC-4508]: : Module FIFO_25outputs_WM{DATA_WIDTH=>20,KERNAL_SIZE=>5} Compiling...
Status    [RTLC-4508]: : Module fixed_point_mul Compiling...
Status    [RTLC-4508]: : Module Multiplier{ARITH_TYPE=>1,DATA_WIDTH=>20} Compiling...
Status    [RTLC-4508]: : Module fixed_point_adder{DATA_WIDTH=>20} Compiling...
Status    [RTLC-4508]: : Module Adder{ARITH_TYPE=>1,DATA_WIDTH=>20} Compiling...
Status    [RTLC-4508]: : Module Delay{Delay_Data_Width=>20,delay_cycles=>2} Compiling...
Status    [RTLC-4508]: : Module Convolution_A1{ARITH_TYPE=>1,DATA_WIDTH=>20,IFM_SIZE=>32,IFM_DEPTH=>3,KERNAL_SIZE=>5,NUMBER_OF_FILTERS=>6} Compiling...
Status    [RTLC-4508]: : Module ConvA1_unit{ARITH_TYPE=>1,DATA_WIDTH=>20} Compiling...
Status    [RTLC-4508]: : Module Relu{DATA_WIDTH=>20} Compiling...
Status    [RTLC-4508]: : Module ConvA1_DP{ARITH_TYPE=>1,DATA_WIDTH=>20,IFM_SIZE=>32,IFM_DEPTH=>1,KERNAL_SIZE=>5,NUMBER_OF_FILTERS=>6,NUMBER_OF_UNITS=>1} Compiling...
Status    [RTLC-4508]: : Module TOP_ConvA1{ARITH_TYPE=>1,DATA_WIDTH=>20,IFM_SIZE=>32,IFM_DEPTH=>1,KERNAL_SIZE=>5,NUMBER_OF_FILTERS=>6} Compiling...
Status    [RTLC-4508]: : Module TrueDualPort_Memory{DATA_WIDTH=>20,MEM_SIZE=>784} Compiling...
Info!     [RTLC-4842]: : Compilation successfully completed.
Info!     [RTLC-4857]: : Total memory taken for compilation: 290.4 MB.
Status    [RTLC-4506]: : Module ConvB_CU{DATA_WIDTH=>20,IFM_SIZE=>14,IFM_DEPTH=>6,KERNAL_SIZE=>5,NUMBER_OF_FILTERS=>16,NUMBER_OF_UNITS=>3} Pre-processing...
Warning   [RTLC-5597]: File /net/svr-egc-net-02/vol/med1/med_vdev/mahmoud/ai_accelerator_block/emulation/rtl/FIFO_25outputs_B.v, Line 39: Module: FIFO_25outputs_B{DATA_WIDTH=>20,IFM_SIZE=>14,KERNAL_SIZE=>5}, Net: 'FIFO' is a potential RAM of size 1220 bits. If you think that a RAM should have been inferred here, please set the attribute 'ram_block' on the signal to force a RAM. Syntax: "// pragma attribute FIFO ram_block 1". If a RAM is still not inferred, please check warnings for why it was not inferred.
Status    [RTLC-4506]: : Module FIFO_25outputs_B{DATA_WIDTH=>20,IFM_SIZE=>14,KERNAL_SIZE=>5} Pre-processing...
Note!     [RTLC-5251]: : Built-in hardware memory core inferred for variable ': "SinglePort_Memory.Memory depth = 900, width = 20"'.
Status    [RTLC-4506]: : Module SinglePort_Memory{DATA_WIDTH=>20,MEM_SIZE=>900} Pre-processing...
Status    [RTLC-4506]: : Module Convolution_B{ARITH_TYPE=>1,DATA_WIDTH=>20,IFM_SIZE=>14,IFM_DEPTH=>6,KERNAL_SIZE=>5,NUMBER_OF_FILTERS=>16} Pre-processing...
Status    [RTLC-4506]: : Module Accumulator_B{ARITH_TYPE=>1,DATA_WIDTH=>20,IFM_SIZE=>14,IFM_DEPTH=>6,KERNAL_SIZE=>5,NUMBER_OF_FILTERS=>16} Pre-processing...
Status    [RTLC-4506]: : Module ConvB_unit{ARITH_TYPE=>1,DATA_WIDTH=>20,IFM_SIZE=>14,IFM_DEPTH=>6,KERNAL_SIZE=>5,NUMBER_OF_FILTERS=>16} Pre-processing...
Status    [RTLC-4506]: : Module ConvB_DP{ARITH_TYPE=>1,DATA_WIDTH=>20,IFM_SIZE=>14,IFM_DEPTH=>6,KERNAL_SIZE=>5,NUMBER_OF_FILTERS=>16,NUMBER_OF_UNITS=>3} Pre-processing...
Warning   [RTLC-5597]: File /net/svr-egc-net-02/vol/med1/med_vdev/mahmoud/ai_accelerator_block/emulation/rtl/FIFO_84outputs_FC1.v, Line 99: Module: FIFO_84outputs_FC1{DATA_WIDTH=>20}, Net: 'FIFO' is a potential RAM of size 1680 bits. If you think that a RAM should have been inferred here, please set the attribute 'ram_block' on the signal to force a RAM. Syntax: "// pragma attribute FIFO ram_block 1". If a RAM is still not inferred, please check warnings for why it was not inferred.
Status    [RTLC-4506]: : Module FIFO_84outputs_FC1{DATA_WIDTH=>20} Pre-processing...
Status    [RTLC-4508]: : Module ConvB_CU{DATA_WIDTH=>20,IFM_SIZE=>14,IFM_DEPTH=>6,KERNAL_SIZE=>5,NUMBER_OF_FILTERS=>16,NUMBER_OF_UNITS=>3} Compiling...
Status    [RTLC-4508]: : Module FIFO_25outputs_B{DATA_WIDTH=>20,IFM_SIZE=>14,KERNAL_SIZE=>5} Compiling...
Status    [RTLC-4508]: : Module SinglePort_Memory{DATA_WIDTH=>20,MEM_SIZE=>900} Compiling...
Status    [RTLC-4508]: : Module Convolution_B{ARITH_TYPE=>1,DATA_WIDTH=>20,IFM_SIZE=>14,IFM_DEPTH=>6,KERNAL_SIZE=>5,NUMBER_OF_FILTERS=>16} Compiling...
Status    [RTLC-4508]: : Module Accumulator_B{ARITH_TYPE=>1,DATA_WIDTH=>20,IFM_SIZE=>14,IFM_DEPTH=>6,KERNAL_SIZE=>5,NUMBER_OF_FILTERS=>16} Compiling...
Status    [RTLC-4508]: : Module ConvB_unit{ARITH_TYPE=>1,DATA_WIDTH=>20,IFM_SIZE=>14,IFM_DEPTH=>6,KERNAL_SIZE=>5,NUMBER_OF_FILTERS=>16} Compiling...
Status    [RTLC-4508]: : Module ConvB_DP{ARITH_TYPE=>1,DATA_WIDTH=>20,IFM_SIZE=>14,IFM_DEPTH=>6,KERNAL_SIZE=>5,NUMBER_OF_FILTERS=>16,NUMBER_OF_UNITS=>3} Compiling...
Status    [RTLC-4508]: : Module TOP_ConvB{ARITH_TYPE=>1,DATA_WIDTH=>20,IFM_SIZE=>14,IFM_DEPTH=>6,KERNAL_SIZE=>5,NUMBER_OF_FILTERS=>16} Compiling...
Status    [RTLC-4508]: : Module FIFO_84outputs_FC1{DATA_WIDTH=>20} Compiling...
Info!     [RTLC-4842]: : Compilation successfully completed.
Info!     [RTLC-4857]: : Total memory taken for compilation: 298.5 MB.
Status    [RTLC-4506]: : Module Memory_Control{DATA_WIDTH=>20} Pre-processing...
Warning   [RTLC-5461]: File /net/svr-egc-net-02/vol/med1/med_vdev/mahmoud/ai_accelerator_block/emulation/rtl/top_module.v, Line 524: Size mismatch in port (wm_enable_write) in instance (ConvA1).
Warning   [RTLC-5461]: File /net/svr-egc-net-02/vol/med1/med_vdev/mahmoud/ai_accelerator_block/emulation/rtl/top_module.v, Line 528: Size mismatch in port (ifm_enable_write_previous) in instance (ConvA1).
Status    [RTLC-4506]: : Module demux_1_to_2 Pre-processing...
Warning   [RTLC-5461]: File /net/svr-egc-net-02/vol/med1/med_vdev/mahmoud/ai_accelerator_block/emulation/rtl/mem_array_1.v, Line 146: Size mismatch in port (Data_Input_B) in instance (IFM1).
Warning   [RTLC-5461]: File /net/svr-egc-net-02/vol/med1/med_vdev/mahmoud/ai_accelerator_block/emulation/rtl/mem_array_1.v, Line 164: Size mismatch in port (Data_Input_B) in instance (IFM2).
Status    [RTLC-4506]: : Module mem_array_1{DATA_WIDTH=>20,IFM_SIZE=>28,NUMBER_OF_IFM=>2,NUMBER_OF_UNITS=>3} Pre-processing...
Status    [RTLC-4506]: : Module Pool1_CU{DATA_WIDTH=>20,IFM_SIZE=>28,IFM_DEPTH=>6,KERNAL_SIZE=>2} Pre-processing...
Warning   [RTLC-5597]: File /net/svr-egc-net-02/vol/med1/med_vdev/mahmoud/ai_accelerator_block/emulation/rtl/FIFO_4outputs.v, Line 23: Module: FIFO_4outputs{DATA_WIDTH=>20,IFM_SIZE=>28,IFM_DEPTH=>6,KERNAL_SIZE=>2}, Net: 'FIFO' is a potential RAM of size 600 bits. If you think that a RAM should have been inferred here, please set the attribute 'ram_block' on the signal to force a RAM. Syntax: "// pragma attribute FIFO ram_block 1". If a RAM is still not inferred, please check warnings for why it was not inferred.
Status    [RTLC-4506]: : Module FIFO_4outputs{DATA_WIDTH=>20,IFM_SIZE=>28,IFM_DEPTH=>6,KERNAL_SIZE=>2} Pre-processing...
Status    [RTLC-4506]: : Module fixed_point_divider Pre-processing...
Status    [RTLC-4506]: : Module Divider{ARITH_TYPE=>1,DATA_WIDTH=>20} Pre-processing...
Status    [RTLC-4506]: : Module Average_Pooling{ARITH_TYPE=>1,DATA_WIDTH=>20,IFM_SIZE=>28,IFM_DEPTH=>6,KERNAL_SIZE=>2} Pre-processing...
Note!     [RTLC-5251]: : Built-in hardware memory core inferred for variable ': "TrueDualPort_Memory.IFM_Memory depth = 196, width = 20"'.
Status    [RTLC-4506]: : Module TrueDualPort_Memory{DATA_WIDTH=>20,MEM_SIZE=>196} Pre-processing...
Warning   [RTLC-5461]: File /net/svr-egc-net-02/vol/med1/med_vdev/mahmoud/ai_accelerator_block/emulation/rtl/mem_array_2.v, Line 145: Size mismatch in port (Data_Input_B) in instance (IFM1).
Warning   [RTLC-5461]: File /net/svr-egc-net-02/vol/med1/med_vdev/mahmoud/ai_accelerator_block/emulation/rtl/mem_array_2.v, Line 163: Size mismatch in port (Data_Input_B) in instance (IFM2).
Status    [RTLC-4506]: : Module mem_array_2{DATA_WIDTH=>20,IFM_SIZE=>14,NUMBER_OF_IFM=>2,NUMBER_OF_UNITS=>3} Pre-processing...
Status    [RTLC-4506]: : Module demux_1_to_6 Pre-processing...
Note!     [RTLC-5251]: : Built-in hardware memory core inferred for variable ': "TrueDualPort_Memory.IFM_Memory depth = 100, width = 20"'.
Status    [RTLC-4506]: : Module TrueDualPort_Memory{DATA_WIDTH=>20,MEM_SIZE=>100} Pre-processing...
Warning   [RTLC-5461]: File /net/svr-egc-net-02/vol/med1/med_vdev/mahmoud/ai_accelerator_block/emulation/rtl/mem_array_3.v, Line 305: Size mismatch in port (Data_Input_B_Mem1) in instance (M1).
Warning   [RTLC-5461]: File /net/svr-egc-net-02/vol/med1/med_vdev/mahmoud/ai_accelerator_block/emulation/rtl/mem_array_3.v, Line 307: Size mismatch in port (Data_Input_B_Mem2) in instance (M1).
Warning   [RTLC-5461]: File /net/svr-egc-net-02/vol/med1/med_vdev/mahmoud/ai_accelerator_block/emulation/rtl/mem_array_3.v, Line 309: Size mismatch in port (Data_Input_B_Mem3) in instance (M1).
Status    [RTLC-4506]: : Module mem_array_3{DATA_WIDTH=>20,IFM_SIZE=>10,NUMBER_OF_IFM=>16,NUMBER_OF_UNITS=>3} Pre-processing...
Status    [RTLC-4506]: : Module Pool2_CU{DATA_WIDTH=>20,IFM_SIZE=>10,IFM_DEPTH=>16,KERNAL_SIZE=>2} Pre-processing...
Warning   [RTLC-5597]: File /net/svr-egc-net-02/vol/med1/med_vdev/mahmoud/ai_accelerator_block/emulation/rtl/FIFO_4outputs.v, Line 23: Module: FIFO_4outputs{DATA_WIDTH=>20,IFM_SIZE=>10,IFM_DEPTH=>16}, Net: 'FIFO' is a potential RAM of size 240 bits. If you think that a RAM should have been inferred here, please set the attribute 'ram_block' on the signal to force a RAM. Syntax: "// pragma attribute FIFO ram_block 1". If a RAM is still not inferred, please check warnings for why it was not inferred.
Status    [RTLC-4506]: : Module FIFO_4outputs{DATA_WIDTH=>20,IFM_SIZE=>10,IFM_DEPTH=>16} Pre-processing...
Status    [RTLC-4506]: : Module Average_Pooling{ARITH_TYPE=>1,DATA_WIDTH=>20,IFM_SIZE=>10,IFM_DEPTH=>16} Pre-processing...
Note!     [RTLC-5251]: : Built-in hardware memory core inferred for variable ': "TrueDualPort_Memory.IFM_Memory depth = 25, width = 20"'.
Status    [RTLC-4506]: : Module TrueDualPort_Memory{DATA_WIDTH=>20,MEM_SIZE=>25} Pre-processing...
Warning   [RTLC-5461]: File /net/svr-egc-net-02/vol/med1/med_vdev/mahmoud/ai_accelerator_block/emulation/rtl/mem_array_4.v, Line 304: Size mismatch in port (Data_Input_B_Mem1) in instance (M1).
Warning   [RTLC-5461]: File /net/svr-egc-net-02/vol/med1/med_vdev/mahmoud/ai_accelerator_block/emulation/rtl/mem_array_4.v, Line 306: Size mismatch in port (Data_Input_B_Mem2) in instance (M1).
Warning   [RTLC-5461]: File /net/svr-egc-net-02/vol/med1/med_vdev/mahmoud/ai_accelerator_block/emulation/rtl/mem_array_4.v, Line 308: Size mismatch in port (Data_Input_B_Mem3) in instance (M1).
Warning   [RTLC-5461]: File /net/svr-egc-net-02/vol/med1/med_vdev/mahmoud/ai_accelerator_block/emulation/rtl/mem_array_4.v, Line 329: Size mismatch in port (Data_Input_B_Mem1) in instance (M2).
Warning   [RTLC-5461]: File /net/svr-egc-net-02/vol/med1/med_vdev/mahmoud/ai_accelerator_block/emulation/rtl/mem_array_4.v, Line 331: Size mismatch in port (Data_Input_B_Mem2) in instance (M2).
Warning   [RTLC-5461]: File /net/svr-egc-net-02/vol/med1/med_vdev/mahmoud/ai_accelerator_block/emulation/rtl/mem_array_4.v, Line 333: Size mismatch in port (Data_Input_B_Mem3) in instance (M2).
Warning   [RTLC-5461]: File /net/svr-egc-net-02/vol/med1/med_vdev/mahmoud/ai_accelerator_block/emulation/rtl/mem_array_4.v, Line 354: Size mismatch in port (Data_Input_B_Mem1) in instance (M3).
Warning   [RTLC-5461]: File /net/svr-egc-net-02/vol/med1/med_vdev/mahmoud/ai_accelerator_block/emulation/rtl/mem_array_4.v, Line 356: Size mismatch in port (Data_Input_B_Mem2) in instance (M3).
Warning   [RTLC-5461]: File /net/svr-egc-net-02/vol/med1/med_vdev/mahmoud/ai_accelerator_block/emulation/rtl/mem_array_4.v, Line 358: Size mismatch in port (Data_Input_B_Mem3) in instance (M3).
Warning   [RTLC-5461]: File /net/svr-egc-net-02/vol/med1/med_vdev/mahmoud/ai_accelerator_block/emulation/rtl/mem_array_4.v, Line 379: Size mismatch in port (Data_Input_B_Mem1) in instance (M4).
Warning   [RTLC-5461]: File /net/svr-egc-net-02/vol/med1/med_vdev/mahmoud/ai_accelerator_block/emulation/rtl/mem_array_4.v, Line 381: Size mismatch in port (Data_Input_B_Mem2) in instance (M4).
Warning   [RTLC-5461]: File /net/svr-egc-net-02/vol/med1/med_vdev/mahmoud/ai_accelerator_block/emulation/rtl/mem_array_4.v, Line 383: Size mismatch in port (Data_Input_B_Mem3) in instance (M4).
Warning   [RTLC-5461]: File /net/svr-egc-net-02/vol/med1/med_vdev/mahmoud/ai_accelerator_block/emulation/rtl/mem_array_4.v, Line 404: Size mismatch in port (Data_Input_B_Mem1) in instance (M5).
Warning   [RTLC-5461]: File /net/svr-egc-net-02/vol/med1/med_vdev/mahmoud/ai_accelerator_block/emulation/rtl/mem_array_4.v, Line 406: Size mismatch in port (Data_Input_B_Mem2) in instance (M5).
Warning   [RTLC-5461]: File /net/svr-egc-net-02/vol/med1/med_vdev/mahmoud/ai_accelerator_block/emulation/rtl/mem_array_4.v, Line 408: Size mismatch in port (Data_Input_B_Mem3) in instance (M5).
Warning   [RTLC-5461]: File /net/svr-egc-net-02/vol/med1/med_vdev/mahmoud/ai_accelerator_block/emulation/rtl/mem_array_4.v, Line 435: Size mismatch in port (Data_Input_B) in instance (convA2_IFM16).
Status    [RTLC-4506]: : Module mem_array_4{DATA_WIDTH=>20,IFM_SIZE=>5,NUMBER_OF_IFM=>16,NUMBER_OF_UNITS=>3} Pre-processing...
Status    [RTLC-4506]: : Module ConvA2_CU{DATA_WIDTH=>20,IFM_SIZE=>5,IFM_DEPTH=>16,KERNAL_SIZE=>5,NUMBER_OF_FILTERS=>120} Pre-processing...
Note!     [RTLC-5251]: : Built-in hardware memory core inferred for variable ': "SinglePort_Memory.Memory depth = 120, width = 20"'.
Status    [RTLC-4506]: : Module SinglePort_Memory{DATA_WIDTH=>20,MEM_SIZE=>120} Pre-processing...
Warning   [RTLC-5597]: File /net/svr-egc-net-02/vol/med1/med_vdev/mahmoud/ai_accelerator_block/emulation/rtl/FIFO_25outputs_A2.v, Line 51: Module: FIFO_25outputs_A2{DATA_WIDTH=>20,IFM_SIZE=>5,IFM_DEPTH=>16,KERNAL_SIZE=>5,NUMBER_OF_FILTERS=>120}, Net: 'FIFO' is a potential RAM of size 500 bits. If you think that a RAM should have been inferred here, please set the attribute 'ram_block' on the signal to force a RAM. Syntax: "// pragma attribute FIFO ram_block 1". If a RAM is still not inferred, please check warnings for why it was not inferred.
Status    [RTLC-4506]: : Module FIFO_25outputs_A2{DATA_WIDTH=>20,IFM_SIZE=>5,IFM_DEPTH=>16,KERNAL_SIZE=>5,NUMBER_OF_FILTERS=>120} Pre-processing...
Status    [RTLC-4506]: : Module Convolution_A2{ARITH_TYPE=>1,DATA_WIDTH=>20,IFM_SIZE=>5,IFM_DEPTH=>16,KERNAL_SIZE=>5,NUMBER_OF_FILTERS=>120} Pre-processing...
Status    [RTLC-4506]: : Module Accumulator_A2{ARITH_TYPE=>1,DATA_WIDTH=>20,IFM_SIZE=>5,IFM_DEPTH=>16,KERNAL_SIZE=>5,NUMBER_OF_FILTERS=>120} Pre-processing...
Status    [RTLC-4506]: : Module ConvA2_DP{ARITH_TYPE=>1,DATA_WIDTH=>20,IFM_SIZE=>5,IFM_DEPTH=>16,KERNAL_SIZE=>5,NUMBER_OF_FILTERS=>120} Pre-processing...
Status    [RTLC-4506]: : Module Register{DATA_WIDTH=>20} Pre-processing...
Status    [RTLC-4506]: : Module reg_array{DATA_WIDTH=>20} Pre-processing...
Status    [RTLC-4506]: : Module Register{DATA_WIDTH=>1} Pre-processing...
Status    [RTLC-4506]: : Module Delay{Delay_Data_Width=>1,delay_cycles=>2} Pre-processing...
Status    [RTLC-4506]: : Module FC1_CU{DATA_WIDTH=>20} Pre-processing...
Status    [RTLC-4506]: : Module FC1_DP{ARITH_TYPE=>1,DATA_WIDTH=>20} Pre-processing...
Status    [RTLC-4506]: : Module Reg_Accmulator{ARITH_TYPE=>1,DATA_WIDTH=>20} Pre-processing...
Status    [RTLC-4506]: : Module Delay{Delay_Data_Width=>1,delay_cycles=>3} Pre-processing...
Status    [RTLC-4506]: : Module FC2_CU{DATA_WIDTH=>20} Pre-processing...
Note!     [RTLC-5251]: : Built-in hardware memory core inferred for variable ': "SinglePort_Memory.Memory depth = 84, width = 20"'.
Status    [RTLC-4506]: : Module SinglePort_Memory{DATA_WIDTH=>20,MEM_SIZE=>84} Pre-processing...
Warning   [RTLC-5597]: File /net/svr-egc-net-02/vol/med1/med_vdev/mahmoud/ai_accelerator_block/emulation/rtl/FIFO_10outputs_FC2.v, Line 25: Module: FIFO_10outputs_FC2{DATA_WIDTH=>20}, Net: 'FIFO' is a potential RAM of size 200 bits. If you think that a RAM should have been inferred here, please set the attribute 'ram_block' on the signal to force a RAM. Syntax: "// pragma attribute FIFO ram_block 1". If a RAM is still not inferred, please check warnings for why it was not inferred.
Status    [RTLC-4506]: : Module FIFO_10outputs_FC2{DATA_WIDTH=>20} Pre-processing...
Status    [RTLC-4506]: : Module FC2_DP{ARITH_TYPE=>1,DATA_WIDTH=>20} Pre-processing...
Status    [RTLC-4508]: : Module Memory_Control{DATA_WIDTH=>20} Compiling...
Status    [RTLC-4508]: : Module demux_1_to_2 Compiling...
Status    [RTLC-4508]: : Module demux_1_to_2_10bits Compiling...
Status    [RTLC-4508]: : Module mem_array_1{DATA_WIDTH=>20,IFM_SIZE=>28,NUMBER_OF_IFM=>2,NUMBER_OF_UNITS=>3} Compiling...
Status    [RTLC-4508]: : Module Pool1_CU{DATA_WIDTH=>20,IFM_SIZE=>28,IFM_DEPTH=>6,KERNAL_SIZE=>2} Compiling...
Status    [RTLC-4508]: : Module FIFO_4outputs{DATA_WIDTH=>20,IFM_SIZE=>28,IFM_DEPTH=>6,KERNAL_SIZE=>2} Compiling...
Status    [RTLC-4508]: : Module fixed_point_divider Compiling...
Status    [RTLC-4508]: : Module Divider{ARITH_TYPE=>1,DATA_WIDTH=>20} Compiling...
Status    [RTLC-4508]: : Module Average_Pooling{ARITH_TYPE=>1,DATA_WIDTH=>20,IFM_SIZE=>28,IFM_DEPTH=>6,KERNAL_SIZE=>2} Compiling...
Status    [RTLC-4508]: : Module Pool1_DP{ARITH_TYPE=>1,DATA_WIDTH=>20,IFM_SIZE=>28,IFM_DEPTH=>6,KERNAL_SIZE=>2} Compiling...
Status    [RTLC-4508]: : Module TOP_Pool1{ARITH_TYPE=>1,DATA_WIDTH=>20,IFM_SIZE=>28,IFM_DEPTH=>6,KERNAL_SIZE=>2} Compiling...
Status    [RTLC-4508]: : Module demux_1_to_2_8bits Compiling...
Status    [RTLC-4508]: : Module TrueDualPort_Memory{DATA_WIDTH=>20,MEM_SIZE=>196} Compiling...
Status    [RTLC-4508]: : Module mem_array_2{DATA_WIDTH=>20,IFM_SIZE=>14,NUMBER_OF_IFM=>2,NUMBER_OF_UNITS=>3} Compiling...
Status    [RTLC-4508]: : Module demux_1_to_6 Compiling...
Status    [RTLC-4508]: : Module demux_1_to_6_7bits Compiling...
Status    [RTLC-4508]: : Module TrueDualPort_Memory{DATA_WIDTH=>20,MEM_SIZE=>100} Compiling...
Status    [RTLC-4508]: : Module mem_unit{DATA_WIDTH=>20,IFM_SIZE=>10} Compiling...
Status    [RTLC-4508]: : Module mem_array_3{DATA_WIDTH=>20,IFM_SIZE=>10,NUMBER_OF_IFM=>16,NUMBER_OF_UNITS=>3} Compiling...
Status    [RTLC-4508]: : Module Pool2_CU{DATA_WIDTH=>20,IFM_SIZE=>10,IFM_DEPTH=>16,KERNAL_SIZE=>2} Compiling...
Status    [RTLC-4508]: : Module FIFO_4outputs{DATA_WIDTH=>20,IFM_SIZE=>10,IFM_DEPTH=>16} Compiling...
Status    [RTLC-4508]: : Module Average_Pooling{ARITH_TYPE=>1,DATA_WIDTH=>20,IFM_SIZE=>10,IFM_DEPTH=>16} Compiling...
Status    [RTLC-4508]: : Module Pool2_unit{ARITH_TYPE=>1,DATA_WIDTH=>20,IFM_SIZE=>10,IFM_DEPTH=>16} Compiling...
Status    [RTLC-4508]: : Module Pool2_DP{ARITH_TYPE=>1,DATA_WIDTH=>20,IFM_SIZE=>10,IFM_DEPTH=>16,KERNAL_SIZE=>2} Compiling...
Status    [RTLC-4508]: : Module TOP_Pool2{ARITH_TYPE=>1,DATA_WIDTH=>20,IFM_SIZE=>10,IFM_DEPTH=>16,KERNAL_SIZE=>2} Compiling...
Status    [RTLC-4508]: : Module demux_1_to_6_5bits Compiling...
Status    [RTLC-4508]: : Module TrueDualPort_Memory{DATA_WIDTH=>20,MEM_SIZE=>25} Compiling...
Status    [RTLC-4508]: : Module mem_unit{DATA_WIDTH=>20,IFM_SIZE=>5} Compiling...
Status    [RTLC-4508]: : Module mem_array_4{DATA_WIDTH=>20,IFM_SIZE=>5,NUMBER_OF_IFM=>16,NUMBER_OF_UNITS=>3} Compiling...
Status    [RTLC-4508]: : Module ConvA2_CU{DATA_WIDTH=>20,IFM_SIZE=>5,IFM_DEPTH=>16,KERNAL_SIZE=>5,NUMBER_OF_FILTERS=>120} Compiling...
Status    [RTLC-4508]: : Module SinglePort_Memory{DATA_WIDTH=>20,MEM_SIZE=>120} Compiling...
Status    [RTLC-4508]: : Module FIFO_25outputs_A2{DATA_WIDTH=>20,IFM_SIZE=>5,IFM_DEPTH=>16,KERNAL_SIZE=>5,NUMBER_OF_FILTERS=>120} Compiling...
Status    [RTLC-4508]: : Module Convolution_A2{ARITH_TYPE=>1,DATA_WIDTH=>20,IFM_SIZE=>5,IFM_DEPTH=>16,KERNAL_SIZE=>5,NUMBER_OF_FILTERS=>120} Compiling...
Status    [RTLC-4508]: : Module ConvA2_unit{ARITH_TYPE=>1,DATA_WIDTH=>20,IFM_SIZE=>5,IFM_DEPTH=>16,KERNAL_SIZE=>5,NUMBER_OF_FILTERS=>120} Compiling...
Status    [RTLC-4508]: : Module Accumulator_A2{ARITH_TYPE=>1,DATA_WIDTH=>20,IFM_SIZE=>5,IFM_DEPTH=>16,KERNAL_SIZE=>5,NUMBER_OF_FILTERS=>120} Compiling...
Status    [RTLC-4508]: : Module ConvA2_DP{ARITH_TYPE=>1,DATA_WIDTH=>20,IFM_SIZE=>5,IFM_DEPTH=>16,KERNAL_SIZE=>5,NUMBER_OF_FILTERS=>120} Compiling...
Status    [RTLC-4508]: : Module TOP_ConvA2{ARITH_TYPE=>1,DATA_WIDTH=>20,IFM_SIZE=>5,IFM_DEPTH=>16,KERNAL_SIZE=>5,NUMBER_OF_FILTERS=>120} Compiling...
Status    [RTLC-4508]: : Module Register{DATA_WIDTH=>20} Compiling...
Status    [RTLC-4508]: : Module reg_array{DATA_WIDTH=>20} Compiling...
Status    [RTLC-4508]: : Module Register{DATA_WIDTH=>1} Compiling...
Status    [RTLC-4508]: : Module Delay{Delay_Data_Width=>1,delay_cycles=>2} Compiling...
Status    [RTLC-4508]: : Module FC1_CU{DATA_WIDTH=>20} Compiling...
Status    [RTLC-4508]: : Module Fully_Connected{ARITH_TYPE=>1,DATA_WIDTH=>20} Compiling...
Status    [RTLC-4508]: : Module FC1_DP{ARITH_TYPE=>1,DATA_WIDTH=>20} Compiling...
Status    [RTLC-4508]: : Module TOP_FC1{ARITH_TYPE=>1,DATA_WIDTH=>20,IFM_DEPTH=>120} Compiling...
Status    [RTLC-4508]: : Module Reg_Accmulator{ARITH_TYPE=>1,DATA_WIDTH=>20} Compiling...
Status    [RTLC-4508]: : Module Reg_acc_1{DATA_WIDTH=>20,ARITH_TYPE=>1} Compiling...
Status    [RTLC-4508]: : Module Delay{Delay_Data_Width=>1,delay_cycles=>3} Compiling...
Status    [RTLC-4508]: : Module FC2_CU{DATA_WIDTH=>20} Compiling...
Status    [RTLC-4508]: : Module SinglePort_Memory{DATA_WIDTH=>20,MEM_SIZE=>84} Compiling...
Status    [RTLC-4508]: : Module Fully_Connected_2{ARITH_TYPE=>1,DATA_WIDTH=>20} Compiling...
Status    [RTLC-4508]: : Module FIFO_10outputs_FC2{DATA_WIDTH=>20} Compiling...
Status    [RTLC-4508]: : Module FC2_DP{ARITH_TYPE=>1,DATA_WIDTH=>20} Compiling...
Status    [RTLC-4508]: : Module TOP_FC2{ARITH_TYPE=>1,DATA_WIDTH=>20,IFM_DEPTH=>84} Compiling...
Status    [RTLC-4508]: : Module Reg_acc_2{DATA_WIDTH=>20,ARITH_TYPE=>1} Compiling...
Warning   [RTLC-5385]: : Could not resolve net "ConvA2" in module "rtlc_top_module_ARITH_TYPE_1_DATA_WIDTH_20_ADDRESS_BUS_22". Entry "top.uut.ConvA2" in annotated_nets_file is invalid. Ignoring it...
Status    [RTLC-4508]: : Module top_module{ARITH_TYPE=>1,DATA_WIDTH=>20,ADDRESS_BUS=>22} Compiling...
Info!     [RTLC-4842]: : Compilation successfully completed.
Info!     [RTLC-4857]: : Total memory taken for compilation: 356.0 MB.
Status    [TBXC-4522]: : Root Module top: Pre-processing...
Status    [TBXC-4523]: : Root Module top: Compiling...
Info!     [TBXC-4846]: : Rebalanced Expression Tree...
Info!     [TBXC-4842]: : Compilation successfully completed.
Warning   [RTLC-5597]: File /net/svr-egc-net-02/vol/med1/med_vdev/mahmoud/ai_accelerator_block/emulation/rtl/FIFO_25outputs_A1.v, Line 51: Module: FIFO_25outputs_A1{DATA_WIDTH=>20,IFM_SIZE=>32,IFM_DEPTH=>3,KERNAL_SIZE=>5,NUMBER_OF_FILTERS=>6}, Net: 'FIFO' is a potential RAM of size 2660 bits. If you think that a RAM should have been inferred here, please set the attribute 'ram_block' on the signal to force a RAM. Syntax: "// pragma attribute FIFO ram_block 1". If a RAM is still not inferred, please check warnings for why it was not inferred.
Status    [RTLC-4506]: : Module FIFO_25outputs_A1{DATA_WIDTH=>20,IFM_SIZE=>32,IFM_DEPTH=>3,KERNAL_SIZE=>5,NUMBER_OF_FILTERS=>6} Pre-processing...
Status    [RTLC-4508]: : Module FIFO_25outputs_A1{DATA_WIDTH=>20,IFM_SIZE=>32,IFM_DEPTH=>3,KERNAL_SIZE=>5,NUMBER_OF_FILTERS=>6} Compiling...
Info!     [RTLC-4842]: : Compilation successfully completed.
Info!     [RTLC-4857]: : Total memory taken for compilation: 298.4 MB.
Note!     [RTLC-5251]: : Built-in hardware memory core inferred for variable ': "SinglePort_Memory.Memory depth = 18000, width = 20"'.
Status    [RTLC-4506]: : Module SinglePort_Memory{DATA_WIDTH=>20,MEM_SIZE=>18000} Pre-processing...
Status    [RTLC-4508]: : Module SinglePort_Memory{DATA_WIDTH=>20,MEM_SIZE=>18000} Compiling...
Info!     [RTLC-4842]: : Compilation successfully completed.
Info!     [RTLC-4857]: : Total memory taken for compilation: 243.4 MB.
Status    [RTLC-4537]: : Time taken in compiling all partitions: 13.62 secs.
Info!     [RTLC-4894]: File ./veloce.med/rtlc.out/NET/rtlc_top_GLOBAL_SIGNAL.v, Line 1: No global signals are used from vhdl packages, so the module rtlc_top_GLOBAL_SIGNAL will be empty.
Status    [TBXC-14506]: : Post-processing design...
Info!     [TBXC-5149]: : Marking Clock Nets for Xwave ...
Info!     [TBXC-5150]: : Removing Xwave Aliases ...
Warning   [TBXC-5342]: File siglist, Line 26: The entry 'top.uut.ConvA2' in the
                       mentioned -xwave_siglist file is invalid.
[XWAVE]: Elapsed time in parsing siglist file : 0 secs
Warning   [TBXC-5332]: : Problem(s) encountered during xwave instrumentation.
                       Please check the above log for related warnings/errors.
                       Also note that every signal in your xwave_siglist
                       files(s) must be correctly hierarchically referred, using
                       the scope delimiter '.', otherwise it'll be flagged as
                       invalid and discarded from instrumentation.
[XWAVE]:Elapsed time in xwave instrumentation: 0 secs
Info!     [TBXC-4895]: : The value of maximum aowc_stall_cycles for this compile
                       is: 55
Info!     [TBXC-5151]: : Total number of bits instrumented for xwave is 17655.
Status    [RTLC-4537]: : Time taken in Post-processing design: 1.80 secs.
Status    [RTLC-4513]: : Overall running time for compilation: 18.0 secs.
Info!     [RTLC-4857]: : Total memory taken for compilation: 696.0 MB.


Executing Command:
/bin/touch ./veloce.med/rtlc.completed


Executing Command:
/bin/touch ./veloce.med/rtlc.out/rtlc.ini
Task: exited with code: 0
