/usr/bin/env TBX_HOME=/tools/med_tools/software/Veloce_v20.0.3/tbx /tools/med_tools/software/Veloce_v20.0.3/tbx/rtlc/bin/hdl-analyze          -velcomp_tbx_merge -ums -cms -gui -store_var_list -platform veloce   -f_cmd veloce.med/hdl_files/dashFForAnalyzeCommandLine.f    -config_base veloce -lib_map_file /net/svr-egc-net-02/vol/med1/med_vdev/mahmoud/ai_accelerator_block/emulation/veloce.med/library_mapping.jaguarc     -out_dir ./veloce.med/rtlc.out     -mct -comodel_analyze +define+TBX_PUT=1 +define+TBX_FLUSH=2 +define+TBX_GET=4 +define+TBX_IS_DATA_AVAILABLE=8 +systemverilogext+.sv    -client velanalyze -nodebussy           -process_file_list
/bin/rm -f -rf  ./veloce.med/rtlc.out/ZeroinAnaCmdFile.csh
/usr/bin/env TBX_HOME=/tools/med_tools/software/Veloce_v20.0.3/tbx /tools/med_tools/software/Veloce_v20.0.3/tbx/rtlc/bin/hdl-analyze          -velcomp_tbx_merge -ums -cms -gui -store_var_list -platform veloce   -f_cmd veloce.med/hdl_files/dashFForAnalyzeCommandLine.f    -config_base veloce -lib_map_file /net/svr-egc-net-02/vol/med1/med_vdev/mahmoud/ai_accelerator_block/emulation/veloce.med/library_mapping.jaguarc     -out_dir ./veloce.med/rtlc.out     -mct -comodel_analyze +define+TBX_PUT=1 +define+TBX_FLUSH=2 +define+TBX_GET=4 +define+TBX_IS_DATA_AVAILABLE=8 +systemverilogext+.sv    -client velanalyze -nodebussy 


Executing Command:
/usr/bin/env TBX_HOME=/tools/med_tools/software/Veloce_v20.0.3/tbx /tools/med_tools/software/Veloce_v20.0.3/tbx/rtlc/bin/hdl-analyze          -velcomp_tbx_merge -ums -cms -gui -store_var_list -platform veloce   -f_cmd veloce.med/hdl_files/dashFForAnalyzeCommandLine.f    -config_base veloce -lib_map_file /net/svr-egc-net-02/vol/med1/med_vdev/mahmoud/ai_accelerator_block/emulation/veloce.med/library_mapping.jaguarc     -out_dir ./veloce.med/rtlc.out     -mct -comodel_analyze +define+TBX_PUT=1 +define+TBX_FLUSH=2 +define+TBX_GET=4 +define+TBX_IS_DATA_AVAILABLE=8 +systemverilogext+.sv    -client velanalyze -nodebussy           -process_file_list
Info!     [Analyze-4857]: : Total memory taken for compilation: 136.1 MB.
Info!     [Analyze-4835]: : Total CPU time taken for compilation: 1.0 secs.
Status    [Analyze-4513]: : Overall running time for compilation: 0.0 secs.


Executing Command:
/bin/rm -f -rf  ./veloce.med/rtlc.out/ZeroinAnaCmdFile.csh


Executing Command:
/usr/bin/env TBX_HOME=/tools/med_tools/software/Veloce_v20.0.3/tbx /tools/med_tools/software/Veloce_v20.0.3/tbx/rtlc/bin/hdl-analyze          -velcomp_tbx_merge -ums -cms -gui -store_var_list -platform veloce   -f_cmd veloce.med/hdl_files/dashFForAnalyzeCommandLine.f    -config_base veloce -lib_map_file /net/svr-egc-net-02/vol/med1/med_vdev/mahmoud/ai_accelerator_block/emulation/veloce.med/library_mapping.jaguarc     -out_dir ./veloce.med/rtlc.out     -mct -comodel_analyze +define+TBX_PUT=1 +define+TBX_FLUSH=2 +define+TBX_GET=4 +define+TBX_IS_DATA_AVAILABLE=8 +systemverilogext+.sv    -client velanalyze -nodebussy 
Info!     [Analyze-2003]: : Starting analysis of files in library "work"
Info!     [Analyze-1002]: : Analyzing source file "/net/svr-egc-net-02/vol/med1/med_vdev/mahmoud/ai_accelerator_block/emulation/rtl/Accumulator_A2.v" ....
Info!     [Analyze-1002]: : Analyzing source file "/net/svr-egc-net-02/vol/med1/med_vdev/mahmoud/ai_accelerator_block/emulation/rtl/Accumulator_B.v" ....
Info!     [Analyze-1002]: : Analyzing source file "/net/svr-egc-net-02/vol/med1/med_vdev/mahmoud/ai_accelerator_block/emulation/rtl/Adder.v" ....
Info!     [Analyze-1002]: : Analyzing source file "/net/svr-egc-net-02/vol/med1/med_vdev/mahmoud/ai_accelerator_block/emulation/rtl/Average_Pooling.v" ....
Info!     [Analyze-1002]: : Analyzing source file "/net/svr-egc-net-02/vol/med1/med_vdev/mahmoud/ai_accelerator_block/emulation/rtl/ConvA1_CU.v" ....
Info!     [Analyze-1002]: : Analyzing source file "/net/svr-egc-net-02/vol/med1/med_vdev/mahmoud/ai_accelerator_block/emulation/rtl/ConvA1_DP.v" ....
Info!     [Analyze-1002]: : Analyzing source file "/net/svr-egc-net-02/vol/med1/med_vdev/mahmoud/ai_accelerator_block/emulation/rtl/ConvA1_unit.v" ....
Info!     [Analyze-1002]: : Analyzing source file "/net/svr-egc-net-02/vol/med1/med_vdev/mahmoud/ai_accelerator_block/emulation/rtl/ConvA2_CU.v" ....
Info!     [Analyze-1002]: : Analyzing source file "/net/svr-egc-net-02/vol/med1/med_vdev/mahmoud/ai_accelerator_block/emulation/rtl/ConvA2_DP.v" ....
Info!     [Analyze-1002]: : Analyzing source file "/net/svr-egc-net-02/vol/med1/med_vdev/mahmoud/ai_accelerator_block/emulation/rtl/ConvA2_unit.v" ....
Info!     [Analyze-1002]: : Analyzing source file "/net/svr-egc-net-02/vol/med1/med_vdev/mahmoud/ai_accelerator_block/emulation/rtl/ConvB_CU.v" ....
Info!     [Analyze-1002]: : Analyzing source file "/net/svr-egc-net-02/vol/med1/med_vdev/mahmoud/ai_accelerator_block/emulation/rtl/ConvB_DP.v" ....
Info!     [Analyze-1002]: : Analyzing source file "/net/svr-egc-net-02/vol/med1/med_vdev/mahmoud/ai_accelerator_block/emulation/rtl/ConvB_unit.v" ....
Info!     [Analyze-1002]: : Analyzing source file "/net/svr-egc-net-02/vol/med1/med_vdev/mahmoud/ai_accelerator_block/emulation/rtl/Convolution_A1.v" ....
Info!     [Analyze-1002]: : Analyzing source file "/net/svr-egc-net-02/vol/med1/med_vdev/mahmoud/ai_accelerator_block/emulation/rtl/Convolution_A2.v" ....
Info!     [Analyze-1002]: : Analyzing source file "/net/svr-egc-net-02/vol/med1/med_vdev/mahmoud/ai_accelerator_block/emulation/rtl/Convolution_B.v" ....
Info!     [Analyze-1002]: : Analyzing source file "/net/svr-egc-net-02/vol/med1/med_vdev/mahmoud/ai_accelerator_block/emulation/rtl/Delay_Block.v" ....
Info!     [Analyze-1002]: : Analyzing source file "/net/svr-egc-net-02/vol/med1/med_vdev/mahmoud/ai_accelerator_block/emulation/rtl/Divider.v" ....
Info!     [Analyze-1002]: : Analyzing source file "/net/svr-egc-net-02/vol/med1/med_vdev/mahmoud/ai_accelerator_block/emulation/rtl/FC1_CU.v" ....
Info!     [Analyze-1002]: : Analyzing source file "/net/svr-egc-net-02/vol/med1/med_vdev/mahmoud/ai_accelerator_block/emulation/rtl/FC1_DP.v" ....
Info!     [Analyze-1002]: : Analyzing source file "/net/svr-egc-net-02/vol/med1/med_vdev/mahmoud/ai_accelerator_block/emulation/rtl/FC2_CU.v" ....
Info!     [Analyze-1002]: : Analyzing source file "/net/svr-egc-net-02/vol/med1/med_vdev/mahmoud/ai_accelerator_block/emulation/rtl/FC2_DP.v" ....
Info!     [Analyze-1002]: : Analyzing source file "/net/svr-egc-net-02/vol/med1/med_vdev/mahmoud/ai_accelerator_block/emulation/rtl/FIFO_10outputs_FC2.v" ....
Info!     [Analyze-1002]: : Analyzing source file "/net/svr-egc-net-02/vol/med1/med_vdev/mahmoud/ai_accelerator_block/emulation/rtl/FIFO_25outputs_A1.v" ....
Info!     [Analyze-1002]: : Analyzing source file "/net/svr-egc-net-02/vol/med1/med_vdev/mahmoud/ai_accelerator_block/emulation/rtl/FIFO_25outputs_A2.v" ....
Info!     [Analyze-1002]: : Analyzing source file "/net/svr-egc-net-02/vol/med1/med_vdev/mahmoud/ai_accelerator_block/emulation/rtl/FIFO_25outputs_B.v" ....
Info!     [Analyze-1002]: : Analyzing source file "/net/svr-egc-net-02/vol/med1/med_vdev/mahmoud/ai_accelerator_block/emulation/rtl/FIFO_25outputs_WM.v" ....
Info!     [Analyze-1002]: : Analyzing source file "/net/svr-egc-net-02/vol/med1/med_vdev/mahmoud/ai_accelerator_block/emulation/rtl/FIFO_4outputs.v" ....
Info!     [Analyze-1002]: : Analyzing source file "/net/svr-egc-net-02/vol/med1/med_vdev/mahmoud/ai_accelerator_block/emulation/rtl/FIFO_84outputs_FC1.v" ....
Info!     [Analyze-1002]: : Analyzing source file "/net/svr-egc-net-02/vol/med1/med_vdev/mahmoud/ai_accelerator_block/emulation/rtl/Fully_Connected.v" ....
Info!     [Analyze-1002]: : Analyzing source file "/net/svr-egc-net-02/vol/med1/med_vdev/mahmoud/ai_accelerator_block/emulation/rtl/Fully_Connected_2.v" ....
Info!     [Analyze-1002]: : Analyzing source file "/net/svr-egc-net-02/vol/med1/med_vdev/mahmoud/ai_accelerator_block/emulation/rtl/Memory_Control.v" ....
Info!     [Analyze-1002]: : Analyzing source file "/net/svr-egc-net-02/vol/med1/med_vdev/mahmoud/ai_accelerator_block/emulation/rtl/Multiplier.v" ....
Info!     [Analyze-1002]: : Analyzing source file "/net/svr-egc-net-02/vol/med1/med_vdev/mahmoud/ai_accelerator_block/emulation/rtl/Pool1_CU.v" ....
Info!     [Analyze-1002]: : Analyzing source file "/net/svr-egc-net-02/vol/med1/med_vdev/mahmoud/ai_accelerator_block/emulation/rtl/Pool1_DP.v" ....
Info!     [Analyze-1002]: : Analyzing source file "/net/svr-egc-net-02/vol/med1/med_vdev/mahmoud/ai_accelerator_block/emulation/rtl/Pool2_CU.v" ....
Info!     [Analyze-1002]: : Analyzing source file "/net/svr-egc-net-02/vol/med1/med_vdev/mahmoud/ai_accelerator_block/emulation/rtl/Pool2_DP.v" ....
Info!     [Analyze-1002]: : Analyzing source file "/net/svr-egc-net-02/vol/med1/med_vdev/mahmoud/ai_accelerator_block/emulation/rtl/Pool2_unit.v" ....
Info!     [Analyze-1002]: : Analyzing source file "/net/svr-egc-net-02/vol/med1/med_vdev/mahmoud/ai_accelerator_block/emulation/rtl/Reg_Accmulator.v" ....
Info!     [Analyze-1002]: : Analyzing source file "/net/svr-egc-net-02/vol/med1/med_vdev/mahmoud/ai_accelerator_block/emulation/rtl/Reg_acc_1.v" ....
Info!     [Analyze-1002]: : Analyzing source file "/net/svr-egc-net-02/vol/med1/med_vdev/mahmoud/ai_accelerator_block/emulation/rtl/Reg_acc_2.v" ....
Info!     [Analyze-1002]: : Analyzing source file "/net/svr-egc-net-02/vol/med1/med_vdev/mahmoud/ai_accelerator_block/emulation/rtl/Register.v" ....
Info!     [Analyze-1002]: : Analyzing source file "/net/svr-egc-net-02/vol/med1/med_vdev/mahmoud/ai_accelerator_block/emulation/rtl/Relu.v" ....
Info!     [Analyze-1002]: : Analyzing source file "/net/svr-egc-net-02/vol/med1/med_vdev/mahmoud/ai_accelerator_block/emulation/rtl/SinglePort_Memory.v" ....
Info!     [Analyze-1002]: : Analyzing source file "/net/svr-egc-net-02/vol/med1/med_vdev/mahmoud/ai_accelerator_block/emulation/rtl/TOP_ConvA1.v" ....
Info!     [Analyze-1002]: : Analyzing source file "/net/svr-egc-net-02/vol/med1/med_vdev/mahmoud/ai_accelerator_block/emulation/rtl/TOP_ConvA2.v" ....
Info!     [Analyze-1002]: : Analyzing source file "/net/svr-egc-net-02/vol/med1/med_vdev/mahmoud/ai_accelerator_block/emulation/rtl/TOP_ConvB.v" ....
Info!     [Analyze-1002]: : Analyzing source file "/net/svr-egc-net-02/vol/med1/med_vdev/mahmoud/ai_accelerator_block/emulation/rtl/TOP_FC_1.v" ....
Info!     [Analyze-1002]: : Analyzing source file "/net/svr-egc-net-02/vol/med1/med_vdev/mahmoud/ai_accelerator_block/emulation/rtl/TOP_FC_2.v" ....
Info!     [Analyze-1002]: : Analyzing source file "/net/svr-egc-net-02/vol/med1/med_vdev/mahmoud/ai_accelerator_block/emulation/rtl/TOP_Pool1.v" ....
Info!     [Analyze-1002]: : Analyzing source file "/net/svr-egc-net-02/vol/med1/med_vdev/mahmoud/ai_accelerator_block/emulation/rtl/TOP_Pool2.v" ....
Info!     [Analyze-1002]: : Analyzing source file "/net/svr-egc-net-02/vol/med1/med_vdev/mahmoud/ai_accelerator_block/emulation/rtl/TrueDualPort_Memory.v" ....
Info!     [Analyze-1002]: : Analyzing source file "/net/svr-egc-net-02/vol/med1/med_vdev/mahmoud/ai_accelerator_block/emulation/rtl/demux_1_to_2.v" ....
Info!     [Analyze-1002]: : Analyzing source file "/net/svr-egc-net-02/vol/med1/med_vdev/mahmoud/ai_accelerator_block/emulation/rtl/demux_1_to_2_10bits.v" ....
Info!     [Analyze-1002]: : Analyzing source file "/net/svr-egc-net-02/vol/med1/med_vdev/mahmoud/ai_accelerator_block/emulation/rtl/demux_1_to_2_8bits.v" ....
Info!     [Analyze-1002]: : Analyzing source file "/net/svr-egc-net-02/vol/med1/med_vdev/mahmoud/ai_accelerator_block/emulation/rtl/demux_1_to_6.v" ....
Info!     [Analyze-1002]: : Analyzing source file "/net/svr-egc-net-02/vol/med1/med_vdev/mahmoud/ai_accelerator_block/emulation/rtl/demux_1_to_6_5bits.v" ....
Info!     [Analyze-1002]: : Analyzing source file "/net/svr-egc-net-02/vol/med1/med_vdev/mahmoud/ai_accelerator_block/emulation/rtl/demux_1_to_6_7bits.v" ....
Info!     [Analyze-1002]: : Analyzing source file "/net/svr-egc-net-02/vol/med1/med_vdev/mahmoud/ai_accelerator_block/emulation/rtl/fixed_point_adder.v" ....
Info!     [Analyze-1002]: : Analyzing source file "/net/svr-egc-net-02/vol/med1/med_vdev/mahmoud/ai_accelerator_block/emulation/rtl/fixed_point_divider.v" ....
Info!     [Analyze-1002]: : Analyzing source file "/net/svr-egc-net-02/vol/med1/med_vdev/mahmoud/ai_accelerator_block/emulation/rtl/fixed_point_mul.v" ....
Info!     [Analyze-1002]: : Analyzing source file "/net/svr-egc-net-02/vol/med1/med_vdev/mahmoud/ai_accelerator_block/emulation/rtl/floating_point_adder.v" ....
Info!     [Analyze-1002]: : Analyzing source file "/net/svr-egc-net-02/vol/med1/med_vdev/mahmoud/ai_accelerator_block/emulation/rtl/floating_point_mul.v" ....
Info!     [Analyze-1002]: : Analyzing source file "/net/svr-egc-net-02/vol/med1/med_vdev/mahmoud/ai_accelerator_block/emulation/rtl/mem_array_1.v" ....
Info!     [Analyze-1002]: : Analyzing source file "/net/svr-egc-net-02/vol/med1/med_vdev/mahmoud/ai_accelerator_block/emulation/rtl/mem_array_2.v" ....
Info!     [Analyze-1002]: : Analyzing source file "/net/svr-egc-net-02/vol/med1/med_vdev/mahmoud/ai_accelerator_block/emulation/rtl/mem_array_3.v" ....
Info!     [Analyze-1002]: : Analyzing source file "/net/svr-egc-net-02/vol/med1/med_vdev/mahmoud/ai_accelerator_block/emulation/rtl/mem_array_4.v" ....
Info!     [Analyze-1002]: : Analyzing source file "/net/svr-egc-net-02/vol/med1/med_vdev/mahmoud/ai_accelerator_block/emulation/rtl/mem_unit.v" ....
Info!     [Analyze-1002]: : Analyzing source file "/net/svr-egc-net-02/vol/med1/med_vdev/mahmoud/ai_accelerator_block/emulation/rtl/reg_array.v" ....
Info!     [Analyze-1002]: : Analyzing source file "/net/svr-egc-net-02/vol/med1/med_vdev/mahmoud/ai_accelerator_block/emulation/rtl/top_module.v" ....
Info!     [Analyze-1002]: : Analyzing source file "/net/svr-egc-net-02/vol/med1/med_vdev/mahmoud/ai_accelerator_block/emulation/top.v" ....
Warning   [Analyze-1006]: File /net/svr-egc-net-02/vol/med1/med_vdev/mahmoud/ai_accelerator_block/emulation/top.v, Line 2: Null port declaration.
Info!     [Analyze-4857]: : Total memory taken for compilation: 149.0 MB.
Info!     [Analyze-4835]: : Total CPU time taken for compilation: 1.0 secs.
Status    [Analyze-4513]: : Overall running time for compilation: 1.0 secs.
Task: exited with code: 0
