/tools/med_tools/software/Veloce_v20.0.3//bin/runDistributedTask.sh  -proj /net/svr-egc-net-02/vol/med1/med_vdev/mahmoud/ai_accelerator_block/emulation/veloce.med/design_level/glob_Dcd_CompileParams.txt.0 -bnum 0 -cnum 3 -uncompressed 100854237 -adler FAA72951 -velcc  


Executing Command:
/tools/med_tools/software/Veloce_v20.0.3//bin/runDistributedTask.sh  -proj /net/svr-egc-net-02/vol/med1/med_vdev/mahmoud/ai_accelerator_block/emulation/veloce.med/design_level/glob_Dcd_CompileParams.txt.0 -bnum 0 -cnum 3 -uncompressed 100854237 -adler FAA72951 -velcc -LicKey $LIC_KEY 


Executing Command: 
/tools/med_tools/software/Veloce_v20.0.3/bin/velcc2 -optim-fast -optim freq -base_dir ./veloce.med -LicKey $LIC_KEY -bin lb0/lb0_u3_Dcc_DccMacro.bin.0 -state-scan lb0/lb0_u3_Dcc_StateScan.map.0 -state-cpb lb0/lb0_u3_Dcc_StateCpb.map.0 -mutable lb0/lb0_u3_Dcc_MutaBin.txt.0 -pipeline lb0/lb0_u3_Dcc_PipeDelay.map.0 -dgs-mapping lb0/lb0_u3_Dcc_DgsMapping.map.0 -checksum 100854237+FAA72951 -ff-init lb0/lb0_u3_Dcc_ff_init.b.0 -dgs-delay lb0/lb0_u3_Dcc_DgsDelay.delay.0 -log ./velcc_logs/lb0_u3_Dcc.log lb0/lb0_u3_Dsyn_dcc.txt.0.gz

                             Veloce-2 Chip Compiler
                 Copyright 2005-2020 Mentor Graphics Corporation
                              All Rights Reserved

velcc2 20.0.3, build Sep 28 2020 17:38:06 - rd
Warning   [velcc2-2761]: : option '-optim freq' deprecated and will be removed (use -optim-freq instead)
Info!                  : : velcc2 20.0.3, build Sep 28 2020 17:38:06 - rd
Info!     [velcc2-1140]: : Refer to "./veloce.med/./velcc_logs/lb0_u3_Dcc.log" for details
Info!     [velcc2-10]: : Loading "./veloce.med/lb0/lb0_u3_Dsyn_dcc.txt.0.gz"
Info!     [velcc2-10]: : Checking "./veloce.med/lb0/lb0_u3_Dsyn_dcc.txt.0.gz"
Info!     [velcc2-112]: Module LB0_U103: 115449 net(s)
Info!     [velcc2-112]: Module LB0_U103: 113462 instance(s)
Info!     [velcc2-722]: Module LB0_U103: 113277 MFC(s) (incl. 8790 scanned MFC(s))
Info!     [velcc2-723]: Module LB0_U103: 8790 required full featured CPB(s) (8790 scanned, 0 not scanned with enable, 0 not scanned without enable)
Info!     [velcc2-725]: Module LB0_U103: 0 BMEM, 16 CMEM(s), 0 XMEM(s)
Info!     [velcc2-726]: Module LB0_U103: 1287 input(s), 1496 output(s)
Info!     [velcc2-1141]: Module LB0_U103: Computing difficulty grades ("lb0_u3_Dcc.dg.gz")
Info!     [velcc2-10]: Module LB0_U103: I/O SVW, *MEM syntheses
Info!     [velcc2-10]: Module LB0_U103: VW, BMEM, CMEM, XMEM_SCHED_R/W placement (use -verbose-pl1 for more info)
Info!     [velcc2-971]: Module LB0_U103: Mapping to Crystal-2 hierarchy
Info!     [velcc2-10]: Module LB0_U103: Macro-Cluster (M216K/macro-cluster) mapping done
Info!     [velcc2-10]: Module LB0_U103: Top routing
Info!     [velcc2-10]: Module LB0_U103: Loading "/tools/med_tools/software/Veloce_v20.0.3/lib/c2m216k"
Info!     [velcc2-1148]: Module LB0_U103: 150 MC output receiver(s) not suitable for pipelined path (0%) using 2000ps as threshold of suitability
Info!     [velcc2-920]: Module LB0_U103: Router database creation begin
Info!     [velcc2-921]: Module LB0_U103: Router database creation end
Info!     [velcc2-918]: Module LB0_U103: Assignment begin
Info!     [velcc2-919]: Module LB0_U103: Assignment end
Info!     [velcc2-10]: Module LB0_U103: Cluster placement
Info!     [velcc2-10]: Module LB0_U103: Macro-cluster routing
Info!     [velcc2-10]: Module LB0_U103: Loading "/tools/med_tools/software/Veloce_v20.0.3/lib/c2m6k"
Info!     [velcc2-2084]: Module LB0_U103: Macro-cluster #0 routing instrumentation done (468 inserted buffer(s))
Info!     [velcc2-2084]: Module LB0_U103: Macro-cluster #1 routing instrumentation done (514 inserted buffer(s))
Info!     [velcc2-2084]: Module LB0_U103: Macro-cluster #2 routing instrumentation done (462 inserted buffer(s))
Info!     [velcc2-2084]: Module LB0_U103: Macro-cluster #3 routing instrumentation done (516 inserted buffer(s))
Info!     [velcc2-2084]: Module LB0_U103: Macro-cluster #4 routing instrumentation done (519 inserted buffer(s))
Info!     [velcc2-2084]: Module LB0_U103: Macro-cluster #5 routing instrumentation done (356 inserted buffer(s))
Info!     [velcc2-2084]: Module LB0_U103: Macro-cluster #6 routing instrumentation done (459 inserted buffer(s))
Info!     [velcc2-2084]: Module LB0_U103: Macro-cluster #7 routing instrumentation done (491 inserted buffer(s))
Info!     [velcc2-2084]: Module LB0_U103: Macro-cluster #8 routing instrumentation done (452 inserted buffer(s))
Info!     [velcc2-2084]: Module LB0_U103: Macro-cluster #9 routing instrumentation done (493 inserted buffer(s))
Info!     [velcc2-2084]: Module LB0_U103: Macro-cluster #10 routing instrumentation done (502 inserted buffer(s))
Info!     [velcc2-2084]: Module LB0_U103: Macro-cluster #11 routing instrumentation done (512 inserted buffer(s))
Info!     [velcc2-2084]: Module LB0_U103: Macro-cluster #12 routing instrumentation done (492 inserted buffer(s))
Info!     [velcc2-2084]: Module LB0_U103: Macro-cluster #13 routing instrumentation done (388 inserted buffer(s))
Info!     [velcc2-2084]: Module LB0_U103: Macro-cluster #14 routing instrumentation done (505 inserted buffer(s))
Info!     [velcc2-2084]: Module LB0_U103: Macro-cluster #15 routing instrumentation done (453 inserted buffer(s))
Info!     [velcc2-2084]: Module LB0_U103: Macro-cluster #16 routing instrumentation done (456 inserted buffer(s))
Info!     [velcc2-2084]: Module LB0_U103: Macro-cluster #17 routing instrumentation done (480 inserted buffer(s))
Info!     [velcc2-2084]: Module LB0_U103: Macro-cluster #18 routing instrumentation done (485 inserted buffer(s))
Info!     [velcc2-2084]: Module LB0_U103: Macro-cluster #19 routing instrumentation done (539 inserted buffer(s))
Info!     [velcc2-2084]: Module LB0_U103: Macro-cluster #20 routing instrumentation done (522 inserted buffer(s))
Info!     [velcc2-2084]: Module LB0_U103: Macro-cluster #21 routing instrumentation done (502 inserted buffer(s))
Info!     [velcc2-2084]: Module LB0_U103: Macro-cluster #22 routing instrumentation done (537 inserted buffer(s))
Info!     [velcc2-2084]: Module LB0_U103: Macro-cluster #23 routing instrumentation done (518 inserted buffer(s))
Info!     [velcc2-2084]: Module LB0_U103: Macro-cluster #24 routing instrumentation done (549 inserted buffer(s))
Info!     [velcc2-2084]: Module LB0_U103: Macro-cluster #25 routing instrumentation done (538 inserted buffer(s))
Info!     [velcc2-2084]: Module LB0_U103: Macro-cluster #26 routing instrumentation done (566 inserted buffer(s))
Info!     [velcc2-2084]: Module LB0_U103: Macro-cluster #27 routing instrumentation done (529 inserted buffer(s))
Info!     [velcc2-2084]: Module LB0_U103: Macro-cluster #28 routing instrumentation done (465 inserted buffer(s))
Info!     [velcc2-2084]: Module LB0_U103: Macro-cluster #29 routing instrumentation done (523 inserted buffer(s))
Info!     [velcc2-2084]: Module LB0_U103: Macro-cluster #30 routing instrumentation done (540 inserted buffer(s))
Info!     [velcc2-2084]: Module LB0_U103: Macro-cluster #31 routing instrumentation done (550 inserted buffer(s))
Info!     [velcc2-2084]: Module LB0_U103: Macro-cluster #32 routing instrumentation done (544 inserted buffer(s))
Info!     [velcc2-2084]: Module LB0_U103: Macro-cluster #33 routing instrumentation done (510 inserted buffer(s))
Info!     [velcc2-2084]: Module LB0_U103: Macro-cluster #34 routing instrumentation done (494 inserted buffer(s))
Info!     [velcc2-2084]: Module LB0_U103: Macro-cluster #35 routing instrumentation done (478 inserted buffer(s))
Info!     [velcc2-2092]: Module LB0_U103: Macro-clusters routing instrumentation: total 17907 inserted buffer(s)
Info!     [velcc2-10]: : Driving "./veloce.med/lb0/lb0_u3_Dcc_DgsDelay.delay.0"
Info!     [velcc2-10]: : Driving "./veloce.med/lb0/lb0_u3_Dcc_DgsMapping.map.0"
Info!     [velcc2-10]: : Driving "./veloce.med/lb0/lb0_u3_Dcc_DccMacro.bin.0"
Info!     [velcc2-1880]: : Driving "./veloce.med/lb0/lb0_u3_Dcc_StateCpb.map.0"
Info!     [velcc2-1881]: : Driving "./veloce.med/lb0/lb0_u3_Dcc_StateScan.map.0"
Info!     [velcc2-1883]: : Driving "./veloce.med/lb0/lb0_u3_Dcc_PipeDelay.map.0"
Info!     [velcc2-1884]: : Driving "./veloce.med/lb0/lb0_u3_Dcc_ff_init.b.0"
Info!     [velcc2-1005]: Module LB0_U103: Compilation speed: 526.685 MFC/s (129391 MFCs compiled in 245.671 second(s))
Task: exited with code: 0
