/tools/med_tools/software/Veloce_v20.0.3//bin/runDistributedTask.sh  -proj /net/svr-egc-net-02/vol/med1/med_vdev/mahmoud/ai_accelerator_block/emulation/veloce.med/design_level/glob_Dcd_CompileParams.txt.0 -bnum 0 -cnum 15 -uncompressed 35267 -adler CF8C13D6 -velcc  


Executing Command:
/tools/med_tools/software/Veloce_v20.0.3//bin/runDistributedTask.sh  -proj /net/svr-egc-net-02/vol/med1/med_vdev/mahmoud/ai_accelerator_block/emulation/veloce.med/design_level/glob_Dcd_CompileParams.txt.0 -bnum 0 -cnum 15 -uncompressed 35267 -adler CF8C13D6 -velcc -LicKey $LIC_KEY 


Executing Command: 
/tools/med_tools/software/Veloce_v20.0.3/bin/velcc2 -optim-fast -optim freq -base_dir ./veloce.med -LicKey $LIC_KEY -bin lb0/lb0_u15_Dcc_DccMacro.bin.0 -state-scan lb0/lb0_u15_Dcc_StateScan.map.0 -state-cpb lb0/lb0_u15_Dcc_StateCpb.map.0 -mutable lb0/lb0_u15_Dcc_MutaBin.txt.0 -pipeline lb0/lb0_u15_Dcc_PipeDelay.map.0 -dgs-mapping lb0/lb0_u15_Dcc_DgsMapping.map.0 -checksum 35267+CF8C13D6 -ff-init lb0/lb0_u15_Dcc_ff_init.b.0 -dgs-delay lb0/lb0_u15_Dcc_DgsDelay.delay.0 -log ./velcc_logs/lb0_u15_Dcc.log lb0/lb0_u15_Dsyn_dcc.txt.0.gz

                             Veloce-2 Chip Compiler
                 Copyright 2005-2020 Mentor Graphics Corporation
                              All Rights Reserved

velcc2 20.0.3, build Sep 28 2020 17:38:06 - rd
Warning   [velcc2-2761]: : option '-optim freq' deprecated and will be removed (use -optim-freq instead)
Info!                  : : velcc2 20.0.3, build Sep 28 2020 17:38:06 - rd
Info!     [velcc2-1140]: : Refer to "./veloce.med/./velcc_logs/lb0_u15_Dcc.log" for details
Info!     [velcc2-10]: : Loading "./veloce.med/lb0/lb0_u15_Dsyn_dcc.txt.0.gz"
Info!     [velcc2-10]: : Checking "./veloce.med/lb0/lb0_u15_Dsyn_dcc.txt.0.gz"
Info!     [velcc2-112]: Module LB0_U115: 203 net(s)
Info!     [velcc2-112]: Module LB0_U115: 110 instance(s)
Info!     [velcc2-722]: Module LB0_U115: 90 MFC(s) (incl. 4 scanned MFC(s))
Info!     [velcc2-723]: Module LB0_U115: 4 required full featured CPB(s) (4 scanned, 0 not scanned with enable, 0 not scanned without enable)
Info!     [velcc2-725]: Module LB0_U115: 0 BMEM, 0 CMEM(s), 0 XMEM(s)
Info!     [velcc2-726]: Module LB0_U115: 84 input(s), 84 output(s)
Info!     [velcc2-1141]: Module LB0_U115: Computing difficulty grades ("lb0_u15_Dcc.dg.gz")
Info!     [velcc2-10]: Module LB0_U115: I/O SVW, *MEM syntheses
Info!     [velcc2-10]: Module LB0_U115: VW, BMEM, CMEM, XMEM_SCHED_R/W placement (use -verbose-pl1 for more info)
Info!     [velcc2-971]: Module LB0_U115: Mapping to Crystal-2 hierarchy
Info!     [velcc2-10]: Module LB0_U115: Macro-Cluster (M216K/macro-cluster) mapping done
Info!     [velcc2-10]: Module LB0_U115: Top routing
Info!     [velcc2-10]: Module LB0_U115: Loading "/tools/med_tools/software/Veloce_v20.0.3/lib/c2m216k"
Info!     [velcc2-1148]: Module LB0_U115: 150 MC output receiver(s) not suitable for pipelined path (0%) using 2000ps as threshold of suitability
Info!     [velcc2-920]: Module LB0_U115: Router database creation begin
Info!     [velcc2-921]: Module LB0_U115: Router database creation end
Info!     [velcc2-918]: Module LB0_U115: Assignment begin
Info!     [velcc2-919]: Module LB0_U115: Assignment end
Info!     [velcc2-10]: Module LB0_U115: Cluster placement
Info!     [velcc2-10]: Module LB0_U115: Macro-cluster routing
Info!     [velcc2-10]: Module LB0_U115: Loading "/tools/med_tools/software/Veloce_v20.0.3/lib/c2m6k"
Info!     [velcc2-2084]: Module LB0_U115: Macro-cluster #2 routing instrumentation done (0 inserted buffer(s))
Info!     [velcc2-2084]: Module LB0_U115: Macro-cluster #8 routing instrumentation done (0 inserted buffer(s))
Info!     [velcc2-2084]: Module LB0_U115: Macro-cluster #13 routing instrumentation done (0 inserted buffer(s))
Info!     [velcc2-2084]: Module LB0_U115: Macro-cluster #14 routing instrumentation done (0 inserted buffer(s))
Info!     [velcc2-2084]: Module LB0_U115: Macro-cluster #18 routing instrumentation done (0 inserted buffer(s))
Info!     [velcc2-2084]: Module LB0_U115: Macro-cluster #19 routing instrumentation done (0 inserted buffer(s))
Info!     [velcc2-2092]: Module LB0_U115: Macro-clusters routing instrumentation: total 0 inserted buffer(s)
Info!     [velcc2-10]: : Driving "./veloce.med/lb0/lb0_u15_Dcc_DgsDelay.delay.0"
Info!     [velcc2-10]: : Driving "./veloce.med/lb0/lb0_u15_Dcc_DgsMapping.map.0"
Info!     [velcc2-10]: : Driving "./veloce.med/lb0/lb0_u15_Dcc_DccMacro.bin.0"
Info!     [velcc2-1880]: : Driving "./veloce.med/lb0/lb0_u15_Dcc_StateCpb.map.0"
Info!     [velcc2-1881]: : Driving "./veloce.med/lb0/lb0_u15_Dcc_StateScan.map.0"
Info!     [velcc2-1883]: : Driving "./veloce.med/lb0/lb0_u15_Dcc_PipeDelay.map.0"
Info!     [velcc2-1884]: : Driving "./veloce.med/lb0/lb0_u15_Dcc_ff_init.b.0"
Info!     [velcc2-1005]: Module LB0_U115: Compilation speed: 0.737065 MFC/s (6 MFCs compiled in 8.14039 second(s))
Task: exited with code: 0
